2025-11-11 10:58:57 [DXGI] [INFO] Env: ahk=x64 perm=Admin session=Local os=10.0.26100
2025-11-11 10:58:57 [DXGI] [INFO] InitAuto: dll=D:\project\AI\AHK\game-macro\modules\lib\dxgi_dup.dll out=0 fps=40
2025-11-11 10:58:57 [DXGI] [INFO] EnumOutputs count=0
2025-11-11 10:58:57 [DXGI] [WARN] DXGI disabled: DupEnumOutputs=0 -> fall back to ROI/GDI
2025-11-11 10:58:58 [DXGI] [INFO] FPS update -> 40
2025-11-12 09:49:46 [DXGI] [INFO] Env: ahk=x64 perm=Admin session=Local os=10.0.26100
2025-11-12 09:49:46 [DXGI] [INFO] InitAuto: dll=D:\project\AI\AHK\game-macro\modules\lib\dxgi_dup.dll out=0 fps=40
2025-11-12 09:49:46 [DXGI] [INFO] EnumOutputs count=0
2025-11-12 09:49:47 [DXGI] [WARN] DXGI disabled: DupEnumOutputs=0 -> fall back to ROI/GDI
2025-11-12 09:49:48 [DXGI] [INFO] FPS update -> 40
2025-11-12 09:51:54 [DXGI] [INFO] Env: ahk=x64 perm=Admin session=Local os=10.0.26100
2025-11-12 09:51:54 [DXGI] [INFO] InitAuto: dll=D:\project\AI\AHK\game-macro\modules\lib\dxgi_dup.dll out=0 fps=40
2025-11-12 09:51:54 [DXGI] [INFO] EnumOutputs count=0
2025-11-12 09:51:54 [DXGI] [WARN] DXGI disabled: DupEnumOutputs=0 -> fall back to ROI/GDI
2025-11-12 09:51:55 [DXGI] [INFO] FPS update -> 40
2025-11-12 09:57:20 [DXGI] [INFO] Env: ahk=x64 perm=Admin session=Local os=10.0.26100
2025-11-12 09:57:20 [DXGI] [INFO] InitAuto: dll=D:\project\AI\AHK\game-macro\modules\lib\dxgi_dup.dll out=0 fps=40
2025-11-12 09:57:20 [DXGI] [INFO] EnumOutputs count=0
2025-11-12 09:57:20 [DXGI] [WARN] DXGI disabled: DupEnumOutputs=0 -> fall back to ROI/GDI
2025-11-12 09:57:22 [DXGI] [INFO] FPS update -> 40
2025-11-12 10:21:04 [DXGI] [INFO] Env: ahk=x64 perm=Admin session=Local os=10.0.26100
2025-11-12 10:21:04 [DXGI] [INFO] InitAuto: dll=D:\project\AI\AHK\game-macro\modules\lib\dxgi_dup.dll out=0 fps=40
2025-11-12 10:21:04 [DXGI] [INFO] EnumOutputs count=0
2025-11-12 10:21:04 [DXGI] [WARN] DXGI disabled: DupEnumOutputs=0 -> fall back to ROI/GDI
2025-11-12 10:21:05 [DXGI] [INFO] FPS update -> 40
2025-11-12 10:37:16 [DXGI] [INFO] Env: ahk=x64 perm=Admin session=Local os=10.0.26100
2025-11-12 10:37:16 [DXGI] [INFO] InitAuto: dll=D:\project\AI\AHK\game-macro\modules\lib\dxgi_dup.dll out=0 fps=40
2025-11-12 10:37:16 [DXGI] [INFO] EnumOutputs count=0
2025-11-12 10:37:16 [DXGI] [WARN] DXGI disabled: DupEnumOutputs=0 -> fall back to ROI/GDI
2025-11-12 10:37:17 [DXGI] [INFO] FPS update -> 40
2025-11-12 10:54:27 [DXGI] [INFO] Env: ahk=x64 perm=Admin session=Local os=10.0.26100
2025-11-12 10:54:27 [DXGI] [INFO] InitAuto: dll=D:\project\AI\AHK\game-macro\modules\lib\dxgi_dup.dll out=0 fps=40
2025-11-12 10:54:27 [DXGI] [INFO] EnumOutputs count=0
2025-11-12 10:54:27 [DXGI] [WARN] DXGI disabled: DupEnumOutputs=0 -> fall back to ROI/GDI
2025-11-12 10:54:28 [DXGI] [INFO] FPS update -> 40
2025-11-12 10:57:53 [DXGI] [INFO] Env: ahk=x64 perm=Admin session=Local os=10.0.26100
2025-11-12 10:57:53 [DXGI] [INFO] InitAuto: dll=D:\project\AI\AHK\game-macro\modules\lib\dxgi_dup.dll out=0 fps=40
2025-11-12 10:57:53 [DXGI] [INFO] EnumOutputs count=0
2025-11-12 10:57:53 [DXGI] [WARN] DXGI disabled: DupEnumOutputs=0 -> fall back to ROI/GDI
2025-11-12 10:57:54 [DXGI] [INFO] FPS update -> 40
2025-11-12 11:03:37 [DXGI] [INFO] Env: ahk=x64 perm=Admin session=Local os=10.0.26100
2025-11-12 11:03:37 [DXGI] [INFO] InitAuto: dll=D:\project\AI\AHK\game-macro\modules\lib\dxgi_dup.dll out=0 fps=40
2025-11-12 11:03:37 [DXGI] [INFO] EnumOutputs count=0
2025-11-12 11:03:37 [DXGI] [WARN] DXGI disabled: DupEnumOutputs=0 -> fall back to ROI/GDI
2025-11-12 11:03:38 [DXGI] [INFO] FPS update -> 40
2025-11-12 11:04:01 [DXGI] [INFO] Env: ahk=x64 perm=Admin session=Local os=10.0.26100
2025-11-12 11:04:01 [DXGI] [INFO] InitAuto: dll=D:\project\AI\AHK\game-macro\modules\lib\dxgi_dup.dll out=0 fps=40
2025-11-12 11:04:01 [DXGI] [INFO] EnumOutputs count=0
2025-11-12 11:04:02 [DXGI] [WARN] DXGI disabled: DupEnumOutputs=0 -> fall back to ROI/GDI
2025-11-12 11:04:03 [DXGI] [INFO] FPS update -> 40
2025-11-12 11:06:17 [DXGI] [INFO] Env: ahk=x64 perm=Admin session=Local os=10.0.26100
2025-11-12 11:06:17 [DXGI] [INFO] InitAuto: dll=D:\project\AI\AHK\game-macro\modules\lib\dxgi_dup.dll out=0 fps=40
2025-11-12 11:06:17 [DXGI] [INFO] EnumOutputs count=0
2025-11-12 11:06:17 [DXGI] [WARN] DXGI disabled: DupEnumOutputs=0 -> fall back to ROI/GDI
2025-11-12 11:06:19 [DXGI] [INFO] FPS update -> 40
2025-11-12 11:10:08 [DXGI] [INFO] Env: ahk=x64 perm=Admin session=Local os=10.0.26100
2025-11-12 11:10:08 [DXGI] [INFO] InitAuto: dll=D:\project\AI\AHK\game-macro\modules\lib\dxgi_dup.dll out=0 fps=40
2025-11-12 11:10:08 [DXGI] [INFO] EnumOutputs count=0
2025-11-12 11:10:08 [DXGI] [WARN] DXGI disabled: DupEnumOutputs=0 -> fall back to ROI/GDI
2025-11-12 11:10:09 [DXGI] [INFO] FPS update -> 40
2025-11-12 11:15:41 [DXGI] [INFO] Env: ahk=x64 perm=Admin session=Local os=10.0.26100
2025-11-12 11:15:41 [DXGI] [INFO] InitAuto: dll=D:\project\AI\AHK\game-macro\modules\lib\dxgi_dup.dll out=0 fps=40
2025-11-12 11:15:41 [DXGI] [INFO] EnumOutputs count=0
2025-11-12 11:15:41 [DXGI] [WARN] DXGI disabled: DupEnumOutputs=0 -> fall back to ROI/GDI
2025-11-12 11:15:42 [DXGI] [INFO] FPS update -> 40
2025-11-12 11:16:17 [DXGI] [INFO] Env: ahk=x64 perm=Admin session=Local os=10.0.26100
2025-11-12 11:16:17 [DXGI] [INFO] InitAuto: dll=D:\project\AI\AHK\game-macro\modules\lib\dxgi_dup.dll out=0 fps=40
2025-11-12 11:16:17 [DXGI] [INFO] EnumOutputs count=0
2025-11-12 11:16:17 [DXGI] [WARN] DXGI disabled: DupEnumOutputs=0 -> fall back to ROI/GDI
2025-11-12 11:16:19 [DXGI] [INFO] FPS update -> 40
2025-11-12 11:19:18 [DXGI] [INFO] Env: ahk=x64 perm=Admin session=Local os=10.0.26100
2025-11-12 11:19:18 [DXGI] [INFO] InitAuto: dll=D:\project\AI\AHK\game-macro\modules\lib\dxgi_dup.dll out=0 fps=40
2025-11-12 11:19:18 [DXGI] [INFO] EnumOutputs count=0
2025-11-12 11:19:18 [DXGI] [WARN] DXGI disabled: DupEnumOutputs=0 -> fall back to ROI/GDI
2025-11-12 11:19:19 [DXGI] [INFO] FPS update -> 40
2025-11-12 11:21:07 [DXGI] [INFO] Env: ahk=x64 perm=Admin session=Local os=10.0.26100
2025-11-12 11:21:07 [DXGI] [INFO] InitAuto: dll=D:\project\AI\AHK\game-macro\modules\lib\dxgi_dup.dll out=0 fps=40
2025-11-12 11:21:07 [DXGI] [INFO] EnumOutputs count=0
2025-11-12 11:21:07 [DXGI] [WARN] DXGI disabled: DupEnumOutputs=0 -> fall back to ROI/GDI
2025-11-12 11:21:08 [DXGI] [INFO] FPS update -> 40
2025-11-12 11:21:26 [DXGI] [INFO] Env: ahk=x64 perm=Admin session=Local os=10.0.26100
2025-11-12 11:21:26 [DXGI] [INFO] InitAuto: dll=D:\project\AI\AHK\game-macro\modules\lib\dxgi_dup.dll out=0 fps=40
2025-11-12 11:21:26 [DXGI] [INFO] EnumOutputs count=0
2025-11-12 11:21:26 [DXGI] [WARN] DXGI disabled: DupEnumOutputs=0 -> fall back to ROI/GDI
2025-11-12 11:21:27 [DXGI] [INFO] FPS update -> 40
2025-11-12 11:22:14 [DXGI] [INFO] Env: ahk=x64 perm=Admin session=Local os=10.0.26100
2025-11-12 11:22:14 [DXGI] [INFO] InitAuto: dll=D:\project\AI\AHK\game-macro\modules\lib\dxgi_dup.dll out=0 fps=40
2025-11-12 11:22:14 [DXGI] [INFO] EnumOutputs count=0
2025-11-12 11:22:14 [DXGI] [WARN] DXGI disabled: DupEnumOutputs=0 -> fall back to ROI/GDI
2025-11-12 11:22:15 [DXGI] [INFO] FPS update -> 40
2025-11-12 11:23:28 [DXGI] [INFO] Env: ahk=x64 perm=Admin session=Local os=10.0.26100
2025-11-12 11:23:28 [DXGI] [INFO] InitAuto: dll=D:\project\AI\AHK\game-macro\modules\lib\dxgi_dup.dll out=0 fps=40
2025-11-12 11:23:28 [DXGI] [INFO] EnumOutputs count=0
2025-11-12 11:23:28 [DXGI] [WARN] DXGI disabled: DupEnumOutputs=0 -> fall back to ROI/GDI
2025-11-12 11:23:30 [DXGI] [INFO] FPS update -> 40
2025-11-12 11:23:43 [DXGI] [INFO] Env: ahk=x64 perm=Admin session=Local os=10.0.26100
2025-11-12 11:23:43 [DXGI] [INFO] InitAuto: dll=D:\project\AI\AHK\game-macro\modules\lib\dxgi_dup.dll out=0 fps=40
2025-11-12 11:23:43 [DXGI] [INFO] EnumOutputs count=0
2025-11-12 11:23:43 [DXGI] [WARN] DXGI disabled: DupEnumOutputs=0 -> fall back to ROI/GDI
2025-11-12 11:23:45 [DXGI] [INFO] FPS update -> 40
2025-11-12 11:31:06 [DXGI] [INFO] Env: ahk=x64 perm=Admin session=Local os=10.0.26100
2025-11-12 11:31:06 [DXGI] [INFO] InitAuto: dll=D:\project\AI\AHK\game-macro\modules\lib\dxgi_dup.dll out=0 fps=40
2025-11-12 11:31:06 [DXGI] [INFO] EnumOutputs count=0
2025-11-12 11:31:06 [DXGI] [WARN] DXGI disabled: DupEnumOutputs=0 -> fall back to ROI/GDI
2025-11-12 11:31:07 [DXGI] [INFO] FPS update -> 40
2025-11-12 11:37:09 [DXGI] [INFO] Env: ahk=x64 perm=Admin session=Local os=10.0.26100
2025-11-12 11:37:09 [DXGI] [INFO] InitAuto: dll=D:\project\AI\AHK\game-macro\modules\lib\dxgi_dup.dll out=0 fps=40
2025-11-12 11:37:09 [DXGI] [INFO] EnumOutputs count=0
2025-11-12 11:37:09 [DXGI] [WARN] DXGI disabled: DupEnumOutputs=0 -> fall back to ROI/GDI
2025-11-12 11:37:10 [DXGI] [INFO] FPS update -> 40
2025-11-12 11:37:40 [DXGI] [INFO] Env: ahk=x64 perm=Admin session=Local os=10.0.26100
2025-11-12 11:37:40 [DXGI] [INFO] InitAuto: dll=D:\project\AI\AHK\game-macro\modules\lib\dxgi_dup.dll out=0 fps=40
2025-11-12 11:37:40 [DXGI] [INFO] EnumOutputs count=0
2025-11-12 11:37:40 [DXGI] [WARN] DXGI disabled: DupEnumOutputs=0 -> fall back to ROI/GDI
2025-11-12 11:37:41 [DXGI] [INFO] FPS update -> 40
2025-11-12 11:42:43 [DXGI] [INFO] Env: ahk=x64 perm=Admin session=Local os=10.0.26100
2025-11-12 11:42:43 [DXGI] [INFO] InitAuto: dll=D:\project\AI\AHK\game-macro\modules\lib\dxgi_dup.dll out=0 fps=40
2025-11-12 11:42:43 [DXGI] [INFO] EnumOutputs count=0
2025-11-12 11:42:43 [DXGI] [WARN] DXGI disabled: DupEnumOutputs=0 -> fall back to ROI/GDI
2025-11-12 11:42:44 [DXGI] [INFO] FPS update -> 40
2025-11-12 13:35:31 [DXGI] [INFO] Env: ahk=x64 perm=Admin session=Local os=10.0.26100
2025-11-12 13:35:31 [DXGI] [INFO] InitAuto: dll=D:\project\AI\AHK\game-macro\modules\lib\dxgi_dup.dll out=0 fps=40
2025-11-12 13:35:31 [DXGI] [INFO] EnumOutputs count=0
2025-11-12 13:35:31 [DXGI] [WARN] DXGI disabled: DupEnumOutputs=0 -> fall back to ROI/GDI
2025-11-12 13:35:32 [DXGI] [INFO] FPS update -> 40
2025-11-12 14:12:24 [DXGI] [INFO] Env: ahk=x64 perm=Admin session=Local os=10.0.26100
2025-11-12 14:12:24 [DXGI] [INFO] InitAuto: dll=D:\project\AI\AHK\game-macro\modules\lib\dxgi_dup.dll out=0 fps=40
2025-11-12 14:12:25 [DXGI] [INFO] EnumOutputs count=0
2025-11-12 14:12:25 [DXGI] [WARN] DXGI disabled: DupEnumOutputs=0 -> fall back to ROI/GDI
2025-11-12 14:12:26 [DXGI] [INFO] FPS update -> 40
2025-11-12 14:13:03 [DXGI] [INFO] Env: ahk=x64 perm=Admin session=Local os=10.0.26100
2025-11-12 14:13:03 [DXGI] [INFO] InitAuto: dll=D:\project\AI\AHK\game-macro\modules\lib\dxgi_dup.dll out=0 fps=40
2025-11-12 14:13:03 [DXGI] [INFO] EnumOutputs count=0
2025-11-12 14:13:03 [DXGI] [WARN] DXGI disabled: DupEnumOutputs=0 -> fall back to ROI/GDI
2025-11-12 14:13:05 [DXGI] [INFO] FPS update -> 40
2025-11-13 08:18:04 [DXGI] [INFO] Env: ahk=x64 perm=Admin session=Local os=10.0.26100
2025-11-13 08:18:04 [DXGI] [INFO] InitAuto: dll=D:\project\AI\AHK\game-macro\modules\lib\dxgi_dup.dll out=0 fps=40
2025-11-13 08:18:04 [DXGI] [INFO] EnumOutputs count=0
2025-11-13 08:18:04 [DXGI] [WARN] DXGI disabled: DupEnumOutputs=0 -> fall back to ROI/GDI
2025-11-13 08:18:06 [DXGI] [INFO] FPS update -> 40
2025-11-13 08:59:42 [DXGI] [INFO] Env: ahk=x64 perm=Admin session=Local os=10.0.26100
2025-11-13 08:59:42 [DXGI] [INFO] InitAuto: dll=D:\project\AI\AHK\game-macro\modules\lib\dxgi_dup.dll out=0 fps=40
2025-11-13 08:59:42 [DXGI] [INFO] EnumOutputs count=0
2025-11-13 08:59:42 [DXGI] [WARN] DXGI disabled: DupEnumOutputs=0 -> fall back to ROI/GDI
2025-11-13 08:59:43 [DXGI] [INFO] FPS update -> 40
2025-11-13 09:00:05 [DXGI] [INFO] Env: ahk=x64 perm=Admin session=Local os=10.0.26100
2025-11-13 09:00:05 [DXGI] [INFO] InitAuto: dll=D:\project\AI\AHK\game-macro\modules\lib\dxgi_dup.dll out=0 fps=40
2025-11-13 09:00:05 [DXGI] [INFO] EnumOutputs count=0
2025-11-13 09:00:05 [DXGI] [WARN] DXGI disabled: DupEnumOutputs=0 -> fall back to ROI/GDI
2025-11-13 09:00:06 [DXGI] [INFO] FPS update -> 40
2025-11-13 09:41:13 [DXGI] [INFO] Env: ahk=x64 perm=Admin session=Local os=10.0.26100
2025-11-13 09:41:13 [DXGI] [INFO] InitAuto: dll=D:\project\AI\AHK\game-macro\modules\lib\dxgi_dup.dll out=0 fps=40
2025-11-13 09:41:13 [DXGI] [INFO] EnumOutputs count=0
2025-11-13 09:41:13 [DXGI] [WARN] DXGI disabled: DupEnumOutputs=0 -> fall back to ROI/GDI
2025-11-13 09:41:15 [DXGI] [INFO] FPS update -> 40
2025-11-13 09:54:21 [DXGI] [INFO] Env: ahk=x64 perm=Admin session=Local os=10.0.26100
2025-11-13 09:54:21 [DXGI] [INFO] InitAuto: dll=D:\project\AI\AHK\game-macro\modules\lib\dxgi_dup.dll out=0 fps=40
2025-11-13 09:54:21 [DXGI] [INFO] EnumOutputs count=0
2025-11-13 09:54:21 [DXGI] [WARN] DXGI disabled: DupEnumOutputs=0 -> fall back to ROI/GDI
2025-11-13 09:54:23 [DXGI] [INFO] FPS update -> 40
2025-11-13 10:25:01 [DXGI] [INFO] Env: ahk=x64 perm=Admin session=Local os=10.0.26100
2025-11-13 10:25:01 [DXGI] [INFO] InitAuto: dll=D:\project\AI\AHK\game-macro\modules\lib\dxgi_dup.dll out=0 fps=40
2025-11-13 10:25:01 [DXGI] [INFO] EnumOutputs count=0
2025-11-13 10:25:01 [DXGI] [WARN] DXGI disabled: DupEnumOutputs=0 -> fall back to ROI/GDI
2025-11-13 10:25:03 [DXGI] [INFO] FPS update -> 40
2025-11-13 10:32:22 [DXGI] [INFO] Env: ahk=x64 perm=Admin session=Local os=10.0.26100
2025-11-13 10:32:22 [DXGI] [INFO] InitAuto: dll=D:\project\AI\AHK\game-macro\modules\lib\dxgi_dup.dll out=0 fps=40
2025-11-13 10:32:22 [DXGI] [INFO] EnumOutputs count=0
2025-11-13 10:32:22 [DXGI] [WARN] DXGI disabled: DupEnumOutputs=0 -> fall back to ROI/GDI
2025-11-13 10:32:23 [DXGI] [INFO] FPS update -> 40
2025-11-13 10:37:53 [DXGI] [INFO] Env: ahk=x64 perm=Admin session=Local os=10.0.26100
2025-11-13 10:37:53 [DXGI] [INFO] InitAuto: dll=D:\project\AI\AHK\game-macro\modules\lib\dxgi_dup.dll out=0 fps=40
2025-11-13 10:37:53 [DXGI] [INFO] EnumOutputs count=0
2025-11-13 10:37:53 [DXGI] [WARN] DXGI disabled: DupEnumOutputs=0 -> fall back to ROI/GDI
2025-11-13 10:37:54 [DXGI] [INFO] FPS update -> 40
2025-11-13 10:44:21 [DXGI] [INFO] Env: ahk=x64 perm=Admin session=Local os=10.0.26100
2025-11-13 10:44:21 [DXGI] [INFO] InitAuto: dll=D:\project\AI\AHK\game-macro\modules\lib\dxgi_dup.dll out=0 fps=40
2025-11-13 10:44:21 [DXGI] [INFO] EnumOutputs count=0
2025-11-13 10:44:21 [DXGI] [WARN] DXGI disabled: DupEnumOutputs=0 -> fall back to ROI/GDI
2025-11-13 10:44:22 [DXGI] [INFO] FPS update -> 40
2025-11-13 11:00:10 [DXGI] [INFO] Env: ahk=x64 perm=Admin session=Local os=10.0.26100
2025-11-13 11:00:10 [DXGI] [INFO] InitAuto: dll=D:\project\AI\AHK\game-macro\modules\lib\dxgi_dup.dll out=0 fps=40
2025-11-13 11:00:10 [DXGI] [INFO] EnumOutputs count=0
2025-11-13 11:00:10 [DXGI] [WARN] DXGI disabled: DupEnumOutputs=0 -> fall back to ROI/GDI
2025-11-13 11:00:12 [DXGI] [INFO] FPS update -> 40
2025-11-13 11:09:09 [DXGI] [INFO] Env: ahk=x64 perm=Admin session=Local os=10.0.26100
2025-11-13 11:09:09 [DXGI] [INFO] InitAuto: dll=D:\project\AI\AHK\game-macro\modules\lib\dxgi_dup.dll out=0 fps=40
2025-11-13 11:09:09 [DXGI] [INFO] EnumOutputs count=0
2025-11-13 11:09:09 [DXGI] [WARN] DXGI disabled: DupEnumOutputs=0 -> fall back to ROI/GDI
2025-11-13 11:09:10 [DXGI] [INFO] FPS update -> 40
2025-11-13 11:15:18 [DXGI] [INFO] Env: ahk=x64 perm=Admin session=Local os=10.0.26100
2025-11-13 11:15:18 [DXGI] [INFO] InitAuto: dll=D:\project\AI\AHK\game-macro\modules\lib\dxgi_dup.dll out=0 fps=40
2025-11-13 11:15:18 [DXGI] [INFO] EnumOutputs count=0
2025-11-13 11:15:18 [DXGI] [WARN] DXGI disabled: DupEnumOutputs=0 -> fall back to ROI/GDI
2025-11-13 11:15:19 [DXGI] [INFO] FPS update -> 40
2025-11-13 11:19:15 [DXGI] [INFO] Env: ahk=x64 perm=Admin session=Local os=10.0.26100
2025-11-13 11:19:15 [DXGI] [INFO] InitAuto: dll=D:\project\AI\AHK\game-macro\modules\lib\dxgi_dup.dll out=0 fps=40
2025-11-13 11:19:15 [DXGI] [INFO] EnumOutputs count=0
2025-11-13 11:19:15 [DXGI] [WARN] DXGI disabled: DupEnumOutputs=0 -> fall back to ROI/GDI
2025-11-13 11:19:17 [DXGI] [INFO] FPS update -> 40
2025-11-13 11:28:28 [DXGI] [INFO] Env: ahk=x64 perm=Admin session=Local os=10.0.26100
2025-11-13 11:28:28 [DXGI] [INFO] InitAuto: dll=D:\project\AI\AHK\game-macro\modules\lib\dxgi_dup.dll out=0 fps=40
2025-11-13 11:28:28 [DXGI] [INFO] EnumOutputs count=0
2025-11-13 11:28:28 [DXGI] [WARN] DXGI disabled: DupEnumOutputs=0 -> fall back to ROI/GDI
2025-11-13 11:28:29 [DXGI] [INFO] FPS update -> 40
2025-11-13 11:44:51 [DXGI] [INFO] Env: ahk=x64 perm=Admin session=Local os=10.0.26100
2025-11-13 11:44:51 [DXGI] [INFO] InitAuto: dll=D:\project\AI\AHK\game-macro\modules\lib\dxgi_dup.dll out=0 fps=40
2025-11-13 11:44:51 [DXGI] [INFO] EnumOutputs count=0
2025-11-13 11:44:51 [DXGI] [WARN] DXGI disabled: DupEnumOutputs=0 -> fall back to ROI/GDI
2025-11-13 11:44:53 [DXGI] [INFO] FPS update -> 40
2025-11-13 11:48:49 [DXGI] [INFO] Env: ahk=x64 perm=Admin session=Local os=10.0.26100
2025-11-13 11:48:49 [DXGI] [INFO] InitAuto: dll=D:\project\AI\AHK\game-macro\modules\lib\dxgi_dup.dll out=0 fps=40
2025-11-13 11:48:49 [DXGI] [INFO] EnumOutputs count=0
2025-11-13 11:48:49 [DXGI] [WARN] DXGI disabled: DupEnumOutputs=0 -> fall back to ROI/GDI
2025-11-13 11:48:51 [DXGI] [INFO] FPS update -> 40
2025-11-13 13:37:08 [DXGI] [INFO] Env: ahk=x64 perm=Admin session=Local os=10.0.26100
2025-11-13 13:37:08 [DXGI] [INFO] InitAuto: dll=D:\project\AI\AHK\game-macro\modules\lib\dxgi_dup.dll out=0 fps=40
2025-11-13 13:37:08 [DXGI] [INFO] EnumOutputs count=0
2025-11-13 13:37:08 [DXGI] [WARN] DXGI disabled: DupEnumOutputs=0 -> fall back to ROI/GDI
2025-11-13 13:37:09 [DXGI] [INFO] FPS update -> 40
2025-11-13 13:46:29 [DXGI] [INFO] Env: ahk=x64 perm=Admin session=Local os=10.0.26100
2025-11-13 13:46:29 [DXGI] [INFO] InitAuto: dll=D:\project\AI\AHK\game-macro\modules\lib\dxgi_dup.dll out=0 fps=40
2025-11-13 13:46:29 [DXGI] [INFO] EnumOutputs count=0
2025-11-13 13:46:29 [DXGI] [WARN] DXGI disabled: DupEnumOutputs=0 -> fall back to ROI/GDI
2025-11-13 13:46:31 [DXGI] [INFO] FPS update -> 40
2025-11-13 16:57:11 [DXGI] [INFO] Env: ahk=x64 perm=Admin session=Local os=10.0.26100
2025-11-13 16:57:11 [DXGI] [INFO] InitAuto: dll=D:\project\AI\AHK\game-macro\modules\lib\dxgi_dup.dll out=0 fps=40
2025-11-13 16:57:11 [DXGI] [INFO] EnumOutputs count=0
2025-11-13 16:57:11 [DXGI] [WARN] DXGI disabled: DupEnumOutputs=0 -> fall back to ROI/GDI
2025-11-13 16:57:12 [DXGI] [INFO] FPS update -> 40
2025-11-14 08:42:42 [DXGI] [INFO] Env: ahk=x64 perm=Admin session=Local os=10.0.26100
2025-11-14 08:42:42 [DXGI] [INFO] InitAuto: dll=D:\project\AI\AHK\game-macro\modules\lib\dxgi_dup.dll out=0 fps=40
2025-11-14 08:42:42 [DXGI] [INFO] EnumOutputs count=0
2025-11-14 08:42:42 [DXGI] [WARN] DXGI disabled: DupEnumOutputs=0 -> fall back to ROI/GDI
2025-11-14 08:42:43 [DXGI] [INFO] FPS update -> 40
2025-11-14 08:54:59 [DXGI] [INFO] Env: ahk=x64 perm=Admin session=Local os=10.0.26100
2025-11-14 08:54:59 [DXGI] [INFO] InitAuto: dll=D:\project\AI\AHK\game-macro\modules\lib\dxgi_dup.dll out=0 fps=40
2025-11-14 08:54:59 [DXGI] [INFO] EnumOutputs count=0
2025-11-14 08:54:59 [DXGI] [WARN] DXGI disabled: DupEnumOutputs=0 -> fall back to ROI/GDI
2025-11-14 08:55:00 [DXGI] [INFO] FPS update -> 40
2025-11-14 09:20:18 [DXGI] [INFO] Env: ahk=x64 perm=Admin session=Local os=10.0.26100
2025-11-14 09:20:18 [DXGI] [INFO] InitAuto: dll=D:\project\AI\AHK\game-macro\modules\lib\dxgi_dup.dll out=0 fps=40
2025-11-14 09:20:18 [DXGI] [INFO] EnumOutputs count=0
2025-11-14 09:20:18 [DXGI] [WARN] DXGI disabled: DupEnumOutputs=0 -> fall back to ROI/GDI
2025-11-14 09:20:20 [DXGI] [INFO] FPS update -> 40
2025-11-14 09:27:00 [DXGI] [INFO] Env: ahk=x64 perm=Admin session=Local os=10.0.26100
2025-11-14 09:27:00 [DXGI] [INFO] InitAuto: dll=D:\project\AI\AHK\game-macro\modules\lib\dxgi_dup.dll out=0 fps=40
2025-11-14 09:27:00 [DXGI] [INFO] EnumOutputs count=0
2025-11-14 09:27:00 [DXGI] [WARN] DXGI disabled: DupEnumOutputs=0 -> fall back to ROI/GDI
2025-11-14 09:27:01 [DXGI] [INFO] FPS update -> 40
2025-11-14 09:39:32 [DXGI] [INFO] Env: ahk=x64 perm=Admin session=Local os=10.0.26100
2025-11-14 09:39:32 [DXGI] [INFO] InitAuto: dll=D:\project\AI\AHK\game-macro\modules\lib\dxgi_dup.dll out=0 fps=40
2025-11-14 09:39:32 [DXGI] [INFO] EnumOutputs count=0
2025-11-14 09:39:32 [DXGI] [WARN] DXGI disabled: DupEnumOutputs=0 -> fall back to ROI/GDI
2025-11-14 09:39:33 [DXGI] [INFO] FPS update -> 40
2025-11-14 10:02:18 [DXGI] [INFO] Env: ahk=x64 perm=Admin session=Local os=10.0.26100
2025-11-14 10:02:18 [DXGI] [INFO] InitAuto: dll=D:\project\AI\AHK\game-macro\modules\lib\dxgi_dup.dll out=0 fps=40
2025-11-14 10:02:18 [DXGI] [INFO] EnumOutputs count=0
2025-11-14 10:02:18 [DXGI] [WARN] DXGI disabled: DupEnumOutputs=0 -> fall back to ROI/GDI
2025-11-14 10:02:20 [DXGI] [INFO] FPS update -> 40
2025-11-14 10:38:48 [DXGI] [INFO] Env: ahk=x64 perm=Admin session=Local os=10.0.26100
2025-11-14 10:38:48 [DXGI] [INFO] InitAuto: dll=D:\project\AI\AHK\game-macro\modules\lib\dxgi_dup.dll out=0 fps=40
2025-11-14 10:38:48 [DXGI] [INFO] EnumOutputs count=0
2025-11-14 10:38:48 [DXGI] [WARN] DXGI disabled: DupEnumOutputs=0 -> fall back to ROI/GDI
2025-11-14 10:38:50 [DXGI] [INFO] FPS update -> 40
2025-11-14 11:15:49 [DXGI] [INFO] Env: ahk=x64 perm=Admin session=Local os=10.0.26100
2025-11-14 11:15:49 [DXGI] [INFO] InitAuto: dll=D:\project\AI\AHK\game-macro\modules\lib\dxgi_dup.dll out=0 fps=40
2025-11-14 11:15:49 [DXGI] [INFO] EnumOutputs count=0
2025-11-14 11:15:50 [DXGI] [WARN] DXGI disabled: DupEnumOutputs=0 -> fall back to ROI/GDI
2025-11-14 11:15:51 [DXGI] [INFO] FPS update -> 40
2025-11-14 11:18:23 [DXGI] [INFO] Env: ahk=x64 perm=Admin session=Local os=10.0.26100
2025-11-14 11:18:23 [DXGI] [INFO] InitAuto: dll=D:\project\AI\AHK\game-macro\modules\lib\dxgi_dup.dll out=0 fps=40
2025-11-14 11:18:23 [DXGI] [INFO] EnumOutputs count=0
2025-11-14 11:18:23 [DXGI] [WARN] DXGI disabled: DupEnumOutputs=0 -> fall back to ROI/GDI
2025-11-14 11:18:24 [DXGI] [INFO] FPS update -> 40
2025-11-14 14:05:24 [DXGI] [INFO] Env: ahk=x64 perm=Admin session=Local os=10.0.26100
2025-11-14 14:05:24 [DXGI] [INFO] InitAuto: dll=D:\project\AI\AHK\game-macro\modules\lib\dxgi_dup.dll out=0 fps=40
2025-11-14 14:05:24 [DXGI] [INFO] EnumOutputs count=0
2025-11-14 14:05:24 [DXGI] [WARN] DXGI disabled: DupEnumOutputs=0 -> fall back to ROI/GDI
2025-11-14 14:05:26 [DXGI] [INFO] FPS update -> 40
2025-11-14 14:07:31 [DXGI] [INFO] Env: ahk=x64 perm=Admin session=Local os=10.0.26100
2025-11-14 14:07:31 [DXGI] [INFO] InitAuto: dll=D:\project\AI\AHK\game-macro\modules\lib\dxgi_dup.dll out=0 fps=40
2025-11-14 14:07:31 [DXGI] [INFO] EnumOutputs count=0
2025-11-14 14:07:31 [DXGI] [WARN] DXGI disabled: DupEnumOutputs=0 -> fall back to ROI/GDI
2025-11-14 14:07:32 [DXGI] [INFO] FPS update -> 40
2025-11-14 14:07:51 [DXGI] [INFO] Env: ahk=x64 perm=Admin session=Local os=10.0.26100
2025-11-14 14:07:51 [DXGI] [INFO] InitAuto: dll=D:\project\AI\AHK\game-macro\modules\lib\dxgi_dup.dll out=0 fps=40
2025-11-14 14:07:51 [DXGI] [INFO] EnumOutputs count=0
2025-11-14 14:07:51 [DXGI] [WARN] DXGI disabled: DupEnumOutputs=0 -> fall back to ROI/GDI
2025-11-14 14:07:52 [DXGI] [INFO] FPS update -> 40
2025-11-14 14:09:21 [DXGI] [INFO] Env: ahk=x64 perm=Admin session=Local os=10.0.26100
2025-11-14 14:09:21 [DXGI] [INFO] InitAuto: dll=D:\project\AI\AHK\game-macro\modules\lib\dxgi_dup.dll out=0 fps=40
2025-11-14 14:09:21 [DXGI] [INFO] EnumOutputs count=0
2025-11-14 14:09:21 [DXGI] [WARN] DXGI disabled: DupEnumOutputs=0 -> fall back to ROI/GDI
2025-11-14 14:09:22 [DXGI] [INFO] FPS update -> 40
2025-11-14 14:10:30 [DXGI] [INFO] Env: ahk=x64 perm=Admin session=Local os=10.0.26100
2025-11-14 14:10:30 [DXGI] [INFO] InitAuto: dll=D:\project\AI\AHK\game-macro\modules\lib\dxgi_dup.dll out=0 fps=40
2025-11-14 14:10:30 [DXGI] [INFO] EnumOutputs count=0
2025-11-14 14:10:31 [DXGI] [WARN] DXGI disabled: DupEnumOutputs=0 -> fall back to ROI/GDI
2025-11-14 14:10:32 [DXGI] [INFO] FPS update -> 40
2025-11-14 14:12:40 [DXGI] [INFO] State: Ready=0 Out=0 Name= Rect=(0,0)-(0,0) FPS=40
2025-11-14 14:12:40 [DXGI] [INFO] Frame#1 path=None hits: dx=0 roi=0 gdi=0
2025-11-14 14:12:41 [DXGI] [INFO] Frame#2 path=GDI hits: dx=0 roi=0 gdi=1
2025-11-14 14:13:50 [DXGI] [INFO] Env: ahk=x64 perm=Admin session=Local os=10.0.26100
2025-11-14 14:13:50 [DXGI] [INFO] InitAuto: dll=D:\project\AI\AHK\game-macro\modules\lib\dxgi_dup.dll out=0 fps=40
2025-11-14 14:13:50 [DXGI] [INFO] EnumOutputs count=0
2025-11-14 14:13:50 [DXGI] [WARN] DXGI disabled: DupEnumOutputs=0 -> fall back to ROI/GDI
2025-11-14 14:13:51 [DXGI] [INFO] FPS update -> 40
2025-11-14 14:15:09 [DXGI] [INFO] State: Ready=0 Out=0 Name= Rect=(0,0)-(0,0) FPS=40
2025-11-14 14:15:09 [DXGI] [INFO] Frame#1 path=None hits: dx=0 roi=0 gdi=0
2025-11-14 14:15:09 [DXGI] [INFO] Frame#2 path=GDI hits: dx=0 roi=0 gdi=1
2025-11-14 14:15:10 [DXGI] [INFO] Frame#5 path=None hits: dx=0 roi=0 gdi=0
2025-11-14 14:15:10 [DXGI] [INFO] Frame#11 path=GDI hits: dx=0 roi=0 gdi=1
2025-11-14 14:15:10 [DXGI] [INFO] Frame#22 path=None hits: dx=0 roi=0 gdi=0
2025-11-14 14:15:11 [DXGI] [INFO] Frame#28 path=GDI hits: dx=0 roi=0 gdi=1
2025-11-14 14:15:11 [DXGI] [INFO] Frame#39 path=None hits: dx=0 roi=0 gdi=0
2025-11-14 14:15:11 [DXGI] [INFO] Frame#45 path=GDI hits: dx=0 roi=0 gdi=1
2025-11-14 14:15:12 [DXGI] [INFO] Frame#56 path=None hits: dx=0 roi=0 gdi=0
2025-11-14 14:25:35 [DXGI] [INFO] Env: ahk=x64 perm=Admin session=Local os=10.0.26100
2025-11-14 14:25:35 [DXGI] [INFO] InitAuto: dll=D:\project\AI\AHK\game-macro\modules\lib\dxgi_dup.dll out=0 fps=40
2025-11-14 14:25:35 [DXGI] [INFO] EnumOutputs count=0
2025-11-14 14:25:35 [DXGI] [WARN] DXGI disabled: DupEnumOutputs=0 -> fall back to ROI/GDI
2025-11-14 14:25:36 [DXGI] [INFO] FPS update -> 40
2025-11-14 14:32:30 [DXGI] [INFO] Env: ahk=x64 perm=Admin session=Local os=10.0.26100
2025-11-14 14:32:30 [DXGI] [INFO] InitAuto: dll=D:\project\AI\AHK\game-macro\modules\lib\dxgi_dup.dll out=0 fps=40
2025-11-14 14:32:30 [DXGI] [INFO] EnumOutputs count=0
2025-11-14 14:32:30 [DXGI] [WARN] DXGI disabled: DupEnumOutputs=0 -> fall back to ROI/GDI
2025-11-14 14:32:31 [DXGI] [INFO] FPS update -> 40
2025-11-14 14:33:05 [DXGI] [INFO] Env: ahk=x64 perm=Admin session=Local os=10.0.26100
2025-11-14 14:33:05 [DXGI] [INFO] InitAuto: dll=D:\project\AI\AHK\game-macro\modules\lib\dxgi_dup.dll out=0 fps=40
2025-11-14 14:33:05 [DXGI] [INFO] EnumOutputs count=0
2025-11-14 14:33:06 [DXGI] [WARN] DXGI disabled: DupEnumOutputs=0 -> fall back to ROI/GDI
2025-11-14 14:33:07 [DXGI] [INFO] FPS update -> 40
2025-11-14 14:34:39 [DXGI] [INFO] Env: ahk=x64 perm=Admin session=Local os=10.0.26100
2025-11-14 14:34:39 [DXGI] [INFO] InitAuto: dll=D:\project\AI\AHK\game-macro\modules\lib\dxgi_dup.dll out=0 fps=40
2025-11-14 14:34:39 [DXGI] [INFO] EnumOutputs count=0
2025-11-14 14:34:39 [DXGI] [WARN] DXGI disabled: DupEnumOutputs=0 -> fall back to ROI/GDI
2025-11-14 14:34:41 [DXGI] [INFO] FPS update -> 40
2025-11-14 14:42:45 [DXGI] [INFO] Env: ahk=x64 perm=Admin session=Local os=10.0.26100
2025-11-14 14:42:45 [DXGI] [INFO] InitAuto: dll=D:\project\AI\AHK\game-macro\modules\lib\dxgi_dup.dll out=0 fps=40
2025-11-14 14:42:45 [DXGI] [INFO] EnumOutputs count=0
2025-11-14 14:42:45 [DXGI] [WARN] DXGI disabled: DupEnumOutputs=0 -> fall back to ROI/GDI
2025-11-14 14:42:47 [DXGI] [INFO] FPS update -> 40
2025-11-14 14:48:30 [DXGI] [INFO] Env: ahk=x64 perm=Admin session=Local os=10.0.26100
2025-11-14 14:48:30 [DXGI] [INFO] InitAuto: dll=D:\project\AI\AHK\game-macro\modules\lib\dxgi_dup.dll out=0 fps=40
2025-11-14 14:48:30 [DXGI] [INFO] EnumOutputs count=0
2025-11-14 14:48:30 [DXGI] [WARN] DXGI disabled: DupEnumOutputs=0 -> fall back to ROI/GDI
2025-11-14 14:48:31 [DXGI] [INFO] FPS update -> 40
2025-11-14 14:49:48 [DXGI] [INFO] Env: ahk=x64 perm=Admin session=Local os=10.0.26100
2025-11-14 14:49:48 [DXGI] [INFO] InitAuto: dll=D:\project\AI\AHK\game-macro\modules\lib\dxgi_dup.dll out=0 fps=40
2025-11-14 14:49:48 [DXGI] [INFO] EnumOutputs count=0
2025-11-14 14:49:48 [DXGI] [WARN] DXGI disabled: DupEnumOutputs=0 -> fall back to ROI/GDI
2025-11-14 14:49:49 [DXGI] [INFO] FPS update -> 40
2025-11-14 14:57:29 [DXGI] [INFO] Env: ahk=x64 perm=Admin session=Local os=10.0.26100
2025-11-14 14:57:29 [DXGI] [INFO] InitAuto: dll=D:\project\AI\AHK\game-macro\modules\lib\dxgi_dup.dll out=0 fps=40
2025-11-14 14:57:30 [DXGI] [INFO] EnumOutputs count=0
2025-11-14 14:57:30 [DXGI] [WARN] DXGI disabled: DupEnumOutputs=0 -> fall back to ROI/GDI
2025-11-14 14:57:31 [DXGI] [INFO] FPS update -> 40
2025-11-14 14:58:30 [DXGI] [INFO] Env: ahk=x64 perm=Admin session=Local os=10.0.26100
2025-11-14 14:58:30 [DXGI] [INFO] InitAuto: dll=D:\project\AI\AHK\game-macro\modules\lib\dxgi_dup.dll out=0 fps=40
2025-11-14 14:58:30 [DXGI] [INFO] EnumOutputs count=0
2025-11-14 14:58:30 [DXGI] [WARN] DXGI disabled: DupEnumOutputs=0 -> fall back to ROI/GDI
2025-11-14 14:58:32 [DXGI] [INFO] FPS update -> 40
2025-11-14 15:00:01 [DXGI] [INFO] Env: ahk=x64 perm=Admin session=Local os=10.0.26100
2025-11-14 15:00:01 [DXGI] [INFO] InitAuto: dll=D:\project\AI\AHK\game-macro\modules\lib\dxgi_dup.dll out=0 fps=40
2025-11-14 15:00:01 [DXGI] [INFO] EnumOutputs count=0
2025-11-14 15:00:01 [DXGI] [WARN] DXGI disabled: DupEnumOutputs=0 -> fall back to ROI/GDI
2025-11-14 15:00:02 [DXGI] [INFO] FPS update -> 40
2025-11-14 15:00:35 [DXGI] [INFO] Env: ahk=x64 perm=Admin session=Local os=10.0.26100
2025-11-14 15:00:35 [DXGI] [INFO] InitAuto: dll=D:\project\AI\AHK\game-macro\modules\lib\dxgi_dup.dll out=0 fps=40
2025-11-14 15:00:35 [DXGI] [INFO] EnumOutputs count=0
2025-11-14 15:00:35 [DXGI] [WARN] DXGI disabled: DupEnumOutputs=0 -> fall back to ROI/GDI
2025-11-14 15:00:37 [DXGI] [INFO] FPS update -> 40
2025-11-14 15:02:25 [DXGI] [INFO] Env: ahk=x64 perm=Admin session=Local os=10.0.26100
2025-11-14 15:02:25 [DXGI] [INFO] InitAuto: dll=D:\project\AI\AHK\game-macro\modules\lib\dxgi_dup.dll out=0 fps=40
2025-11-14 15:02:25 [DXGI] [INFO] EnumOutputs count=0
2025-11-14 15:02:25 [DXGI] [WARN] DXGI disabled: DupEnumOutputs=0 -> fall back to ROI/GDI
2025-11-14 15:02:26 [DXGI] [INFO] FPS update -> 40
2025-11-14 15:02:53 [DXGI] [INFO] Env: ahk=x64 perm=Admin session=Local os=10.0.26100
2025-11-14 15:02:53 [DXGI] [INFO] InitAuto: dll=D:\project\AI\AHK\game-macro\modules\lib\dxgi_dup.dll out=0 fps=40
2025-11-14 15:02:53 [DXGI] [INFO] EnumOutputs count=0
2025-11-14 15:02:53 [DXGI] [WARN] DXGI disabled: DupEnumOutputs=0 -> fall back to ROI/GDI
2025-11-14 15:02:54 [DXGI] [INFO] FPS update -> 40
2025-11-14 15:03:52 [DXGI] [INFO] Env: ahk=x64 perm=Admin session=Local os=10.0.26100
2025-11-14 15:03:52 [DXGI] [INFO] InitAuto: dll=D:\project\AI\AHK\game-macro\modules\lib\dxgi_dup.dll out=0 fps=40
2025-11-14 15:03:52 [DXGI] [INFO] EnumOutputs count=0
2025-11-14 15:03:52 [DXGI] [WARN] DXGI disabled: DupEnumOutputs=0 -> fall back to ROI/GDI
2025-11-14 15:03:54 [DXGI] [INFO] FPS update -> 40
2025-11-14 15:04:56 [DXGI] [INFO] Env: ahk=x64 perm=Admin session=Local os=10.0.26100
2025-11-14 15:04:56 [DXGI] [INFO] InitAuto: dll=D:\project\AI\AHK\game-macro\modules\lib\dxgi_dup.dll out=0 fps=40
2025-11-14 15:04:56 [DXGI] [INFO] EnumOutputs count=0
2025-11-14 15:04:56 [DXGI] [WARN] DXGI disabled: DupEnumOutputs=0 -> fall back to ROI/GDI
2025-11-14 15:04:57 [DXGI] [INFO] FPS update -> 40
2025-11-14 15:05:50 [DXGI] [INFO] Env: ahk=x64 perm=Admin session=Local os=10.0.26100
2025-11-14 15:05:50 [DXGI] [INFO] InitAuto: dll=D:\project\AI\AHK\game-macro\modules\lib\dxgi_dup.dll out=0 fps=40
2025-11-14 15:05:50 [DXGI] [INFO] EnumOutputs count=0
2025-11-14 15:05:50 [DXGI] [WARN] DXGI disabled: DupEnumOutputs=0 -> fall back to ROI/GDI
2025-11-14 15:05:51 [DXGI] [INFO] FPS update -> 40
2025-11-14 15:07:25 [DXGI] [INFO] Env: ahk=x64 perm=Admin session=Local os=10.0.26100
2025-11-14 15:07:25 [DXGI] [INFO] InitAuto: dll=D:\project\AI\AHK\game-macro\modules\lib\dxgi_dup.dll out=0 fps=40
2025-11-14 15:07:25 [DXGI] [INFO] EnumOutputs count=0
2025-11-14 15:07:25 [DXGI] [WARN] DXGI disabled: DupEnumOutputs=0 -> fall back to ROI/GDI
2025-11-14 15:07:26 [DXGI] [INFO] FPS update -> 40
2025-11-14 15:07:52 [DXGI] [INFO] Env: ahk=x64 perm=Admin session=Local os=10.0.26100
2025-11-14 15:07:52 [DXGI] [INFO] InitAuto: dll=D:\project\AI\AHK\game-macro\modules\lib\dxgi_dup.dll out=0 fps=40
2025-11-14 15:07:52 [DXGI] [INFO] EnumOutputs count=0
2025-11-14 15:07:52 [DXGI] [WARN] DXGI disabled: DupEnumOutputs=0 -> fall back to ROI/GDI
2025-11-14 15:07:53 [DXGI] [INFO] FPS update -> 40
2025-11-14 15:10:39 [DXGI] [INFO] Env: ahk=x64 perm=Admin session=Local os=10.0.26100
2025-11-14 15:10:39 [DXGI] [INFO] InitAuto: dll=D:\project\AI\AHK\game-macro\modules\lib\dxgi_dup.dll out=0 fps=40
2025-11-14 15:10:39 [DXGI] [INFO] EnumOutputs count=0
2025-11-14 15:10:39 [DXGI] [WARN] DXGI disabled: DupEnumOutputs=0 -> fall back to ROI/GDI
2025-11-14 15:10:40 [DXGI] [INFO] FPS update -> 40
2025-11-14 15:11:08 [DXGI] [INFO] Env: ahk=x64 perm=Admin session=Local os=10.0.26100
2025-11-14 15:11:08 [DXGI] [INFO] InitAuto: dll=D:\project\AI\AHK\game-macro\modules\lib\dxgi_dup.dll out=0 fps=40
2025-11-14 15:11:08 [DXGI] [INFO] EnumOutputs count=0
2025-11-14 15:11:08 [DXGI] [WARN] DXGI disabled: DupEnumOutputs=0 -> fall back to ROI/GDI
2025-11-14 15:11:09 [DXGI] [INFO] FPS update -> 40
2025-11-14 15:11:50 [DXGI] [INFO] Env: ahk=x64 perm=Admin session=Local os=10.0.26100
2025-11-14 15:11:50 [DXGI] [INFO] InitAuto: dll=D:\project\AI\AHK\game-macro\modules\lib\dxgi_dup.dll out=0 fps=40
2025-11-14 15:11:50 [DXGI] [INFO] EnumOutputs count=0
2025-11-14 15:11:50 [DXGI] [WARN] DXGI disabled: DupEnumOutputs=0 -> fall back to ROI/GDI
2025-11-14 15:11:52 [DXGI] [INFO] FPS update -> 40
2025-11-14 15:13:24 [DXGI] [INFO] Env: ahk=x64 perm=Admin session=Local os=10.0.26100
2025-11-14 15:13:24 [DXGI] [INFO] InitAuto: dll=D:\project\AI\AHK\game-macro\modules\lib\dxgi_dup.dll out=0 fps=40
2025-11-14 15:13:24 [DXGI] [INFO] EnumOutputs count=0
2025-11-14 15:13:24 [DXGI] [WARN] DXGI disabled: DupEnumOutputs=0 -> fall back to ROI/GDI
2025-11-14 15:13:25 [DXGI] [INFO] FPS update -> 40
2025-11-14 15:14:31 [DXGI] [INFO] Env: ahk=x64 perm=Admin session=Local os=10.0.26100
2025-11-14 15:14:31 [DXGI] [INFO] InitAuto: dll=D:\project\AI\AHK\game-macro\modules\lib\dxgi_dup.dll out=0 fps=40
2025-11-14 15:14:31 [DXGI] [INFO] EnumOutputs count=0
2025-11-14 15:14:31 [DXGI] [WARN] DXGI disabled: DupEnumOutputs=0 -> fall back to ROI/GDI
2025-11-14 15:14:32 [DXGI] [INFO] FPS update -> 40
2025-11-14 15:16:16 [DXGI] [INFO] Env: ahk=x64 perm=Admin session=Local os=10.0.26100
2025-11-14 15:16:16 [DXGI] [INFO] InitAuto: dll=D:\project\AI\AHK\game-macro\modules\lib\dxgi_dup.dll out=0 fps=40
2025-11-14 15:16:16 [DXGI] [INFO] EnumOutputs count=0
2025-11-14 15:16:16 [DXGI] [WARN] DXGI disabled: DupEnumOutputs=0 -> fall back to ROI/GDI
2025-11-14 15:16:17 [DXGI] [INFO] FPS update -> 40
2025-11-14 15:17:39 [DXGI] [INFO] Env: ahk=x64 perm=Admin session=Local os=10.0.26100
2025-11-14 15:17:39 [DXGI] [INFO] InitAuto: dll=D:\project\AI\AHK\game-macro\modules\lib\dxgi_dup.dll out=0 fps=40
2025-11-14 15:17:39 [DXGI] [INFO] EnumOutputs count=0
2025-11-14 15:17:39 [DXGI] [WARN] DXGI disabled: DupEnumOutputs=0 -> fall back to ROI/GDI
2025-11-14 15:17:40 [DXGI] [INFO] FPS update -> 40
2025-11-14 15:18:19 [DXGI] [INFO] Env: ahk=x64 perm=Admin session=Local os=10.0.26100
2025-11-14 15:18:19 [DXGI] [INFO] InitAuto: dll=D:\project\AI\AHK\game-macro\modules\lib\dxgi_dup.dll out=0 fps=40
2025-11-14 15:18:19 [DXGI] [INFO] EnumOutputs count=0
2025-11-14 15:18:19 [DXGI] [WARN] DXGI disabled: DupEnumOutputs=0 -> fall back to ROI/GDI
2025-11-14 15:18:20 [DXGI] [INFO] FPS update -> 40
2025-11-14 15:19:23 [DXGI] [INFO] Env: ahk=x64 perm=Admin session=Local os=10.0.26100
2025-11-14 15:19:23 [DXGI] [INFO] InitAuto: dll=D:\project\AI\AHK\game-macro\modules\lib\dxgi_dup.dll out=0 fps=40
2025-11-14 15:19:23 [DXGI] [INFO] EnumOutputs count=0
2025-11-14 15:19:23 [DXGI] [WARN] DXGI disabled: DupEnumOutputs=0 -> fall back to ROI/GDI
2025-11-14 15:19:25 [DXGI] [INFO] FPS update -> 40
2025-11-14 15:20:52 [DXGI] [INFO] Env: ahk=x64 perm=Admin session=Local os=10.0.26100
2025-11-14 15:20:52 [DXGI] [INFO] InitAuto: dll=D:\project\AI\AHK\game-macro\modules\lib\dxgi_dup.dll out=0 fps=40
2025-11-14 15:20:52 [DXGI] [INFO] EnumOutputs count=0
2025-11-14 15:20:52 [DXGI] [WARN] DXGI disabled: DupEnumOutputs=0 -> fall back to ROI/GDI
2025-11-14 15:20:54 [DXGI] [INFO] FPS update -> 40
2025-11-14 15:25:01 [DXGI] [INFO] Env: ahk=x64 perm=Admin session=Local os=10.0.26100
2025-11-14 15:25:01 [DXGI] [INFO] InitAuto: dll=D:\project\AI\AHK\game-macro\modules\lib\dxgi_dup.dll out=0 fps=40
2025-11-14 15:25:01 [DXGI] [INFO] EnumOutputs count=0
2025-11-14 15:25:01 [DXGI] [WARN] DXGI disabled: DupEnumOutputs=0 -> fall back to ROI/GDI
2025-11-14 15:25:02 [DXGI] [INFO] FPS update -> 40
2025-11-14 15:26:52 [DXGI] [INFO] Env: ahk=x64 perm=Admin session=Local os=10.0.26100
2025-11-14 15:26:52 [DXGI] [INFO] InitAuto: dll=D:\project\AI\AHK\game-macro\modules\lib\dxgi_dup.dll out=0 fps=40
2025-11-14 15:26:52 [DXGI] [INFO] EnumOutputs count=0
2025-11-14 15:26:52 [DXGI] [WARN] DXGI disabled: DupEnumOutputs=0 -> fall back to ROI/GDI
2025-11-14 15:26:54 [DXGI] [INFO] FPS update -> 40
2025-11-14 15:28:03 [DXGI] [INFO] Env: ahk=x64 perm=Admin session=Local os=10.0.26100
2025-11-14 15:28:03 [DXGI] [INFO] InitAuto: dll=D:\project\AI\AHK\game-macro\modules\lib\dxgi_dup.dll out=0 fps=40
2025-11-14 15:28:03 [DXGI] [INFO] EnumOutputs count=0
2025-11-14 15:28:03 [DXGI] [WARN] DXGI disabled: DupEnumOutputs=0 -> fall back to ROI/GDI
2025-11-14 15:28:04 [DXGI] [INFO] FPS update -> 40
2025-11-14 15:28:27 [DXGI] [INFO] Env: ahk=x64 perm=Admin session=Local os=10.0.26100
2025-11-14 15:28:27 [DXGI] [INFO] InitAuto: dll=D:\project\AI\AHK\game-macro\modules\lib\dxgi_dup.dll out=0 fps=40
2025-11-14 15:28:27 [DXGI] [INFO] EnumOutputs count=0
2025-11-14 15:28:27 [DXGI] [WARN] DXGI disabled: DupEnumOutputs=0 -> fall back to ROI/GDI
2025-11-14 15:28:28 [DXGI] [INFO] FPS update -> 40
2025-11-14 15:31:14 [DXGI] [INFO] Env: ahk=x64 perm=Admin session=Local os=10.0.26100
2025-11-14 15:31:14 [DXGI] [INFO] InitAuto: dll=D:\project\AI\AHK\game-macro\modules\lib\dxgi_dup.dll out=0 fps=40
2025-11-14 15:31:14 [DXGI] [INFO] EnumOutputs count=0
2025-11-14 15:31:14 [DXGI] [WARN] DXGI disabled: DupEnumOutputs=0 -> fall back to ROI/GDI
2025-11-14 15:31:15 [DXGI] [INFO] FPS update -> 40
2025-11-14 15:39:02 [DXGI] [INFO] Env: ahk=x64 perm=Admin session=Local os=10.0.26100
2025-11-14 15:39:02 [DXGI] [INFO] InitAuto: dll=D:\project\AI\AHK\game-macro\modules\lib\dxgi_dup.dll out=0 fps=40
2025-11-14 15:39:02 [DXGI] [INFO] EnumOutputs count=0
2025-11-14 15:39:02 [DXGI] [WARN] DXGI disabled: DupEnumOutputs=0 -> fall back to ROI/GDI
2025-11-14 15:39:04 [DXGI] [INFO] FPS update -> 40
2025-11-14 15:42:37 [DXGI] [INFO] Env: ahk=x64 perm=Admin session=Local os=10.0.26100
2025-11-14 15:42:37 [DXGI] [INFO] InitAuto: dll=D:\project\AI\AHK\game-macro\modules\lib\dxgi_dup.dll out=0 fps=40
2025-11-14 15:42:37 [DXGI] [INFO] EnumOutputs count=0
2025-11-14 15:42:37 [DXGI] [WARN] DXGI disabled: DupEnumOutputs=0 -> fall back to ROI/GDI
2025-11-14 15:42:38 [DXGI] [INFO] FPS update -> 40
2025-11-14 15:47:29 [DXGI] [INFO] Env: ahk=x64 perm=Admin session=Local os=10.0.26100
2025-11-14 15:47:30 [DXGI] [INFO] InitAuto: dll=D:\project\AI\AHK\game-macro\modules\lib\dxgi_dup.dll out=0 fps=40
2025-11-14 15:47:30 [DXGI] [INFO] EnumOutputs count=0
2025-11-14 15:47:30 [DXGI] [WARN] DXGI disabled: DupEnumOutputs=0 -> fall back to ROI/GDI
2025-11-14 15:47:31 [DXGI] [INFO] FPS update -> 40
2025-11-14 15:48:44 [DXGI] [INFO] Env: ahk=x64 perm=Admin session=Local os=10.0.26100
2025-11-14 15:48:44 [DXGI] [INFO] InitAuto: dll=D:\project\AI\AHK\game-macro\modules\lib\dxgi_dup.dll out=0 fps=40
2025-11-14 15:48:44 [DXGI] [INFO] EnumOutputs count=0
2025-11-14 15:48:44 [DXGI] [WARN] DXGI disabled: DupEnumOutputs=0 -> fall back to ROI/GDI
2025-11-14 15:48:45 [DXGI] [INFO] FPS update -> 40
2025-11-14 15:51:22 [DXGI] [INFO] Env: ahk=x64 perm=Admin session=Local os=10.0.26100
2025-11-14 15:51:22 [DXGI] [INFO] InitAuto: dll=D:\project\AI\AHK\game-macro\modules\lib\dxgi_dup.dll out=0 fps=40
2025-11-14 15:51:22 [DXGI] [INFO] EnumOutputs count=0
2025-11-14 15:51:22 [DXGI] [WARN] DXGI disabled: DupEnumOutputs=0 -> fall back to ROI/GDI
2025-11-14 15:51:24 [DXGI] [INFO] FPS update -> 40
2025-11-14 15:52:16 [DXGI] [INFO] Env: ahk=x64 perm=Admin session=Local os=10.0.26100
2025-11-14 15:52:16 [DXGI] [INFO] InitAuto: dll=D:\project\AI\AHK\game-macro\modules\lib\dxgi_dup.dll out=0 fps=40
2025-11-14 15:52:16 [DXGI] [INFO] EnumOutputs count=0
2025-11-14 15:52:16 [DXGI] [WARN] DXGI disabled: DupEnumOutputs=0 -> fall back to ROI/GDI
2025-11-14 15:52:17 [DXGI] [INFO] FPS update -> 40
2025-11-14 15:52:44 [DXGI] [INFO] Env: ahk=x64 perm=Admin session=Local os=10.0.26100
2025-11-14 15:52:44 [DXGI] [INFO] InitAuto: dll=D:\project\AI\AHK\game-macro\modules\lib\dxgi_dup.dll out=0 fps=40
2025-11-14 15:52:44 [DXGI] [INFO] EnumOutputs count=0
2025-11-14 15:52:44 [DXGI] [WARN] DXGI disabled: DupEnumOutputs=0 -> fall back to ROI/GDI
2025-11-14 15:52:45 [DXGI] [INFO] FPS update -> 40
2025-11-14 15:53:23 [DXGI] [INFO] Env: ahk=x64 perm=Admin session=Local os=10.0.26100
2025-11-14 15:53:23 [DXGI] [INFO] InitAuto: dll=D:\project\AI\AHK\game-macro\modules\lib\dxgi_dup.dll out=0 fps=40
2025-11-14 15:53:23 [DXGI] [INFO] EnumOutputs count=0
2025-11-14 15:53:23 [DXGI] [WARN] DXGI disabled: DupEnumOutputs=0 -> fall back to ROI/GDI
2025-11-14 15:53:25 [DXGI] [INFO] FPS update -> 40
2025-11-14 15:54:37 [DXGI] [INFO] Env: ahk=x64 perm=Admin session=Local os=10.0.26100
2025-11-14 15:54:37 [DXGI] [INFO] InitAuto: dll=D:\project\AI\AHK\game-macro\modules\lib\dxgi_dup.dll out=0 fps=40
2025-11-14 15:54:37 [DXGI] [INFO] EnumOutputs count=0
2025-11-14 15:54:37 [DXGI] [WARN] DXGI disabled: DupEnumOutputs=0 -> fall back to ROI/GDI
2025-11-14 15:54:38 [DXGI] [INFO] FPS update -> 40
2025-11-14 15:59:00 [DXGI] [INFO] Env: ahk=x64 perm=Admin session=Local os=10.0.26100
2025-11-14 15:59:00 [DXGI] [INFO] InitAuto: dll=D:\project\AI\AHK\game-macro\modules\lib\dxgi_dup.dll out=0 fps=40
2025-11-14 15:59:00 [DXGI] [INFO] EnumOutputs count=0
2025-11-14 15:59:00 [DXGI] [WARN] DXGI disabled: DupEnumOutputs=0 -> fall back to ROI/GDI
2025-11-14 15:59:02 [DXGI] [INFO] FPS update -> 40
2025-11-14 16:02:40 [DXGI] [INFO] Env: ahk=x64 perm=Admin session=Local os=10.0.26100
2025-11-14 16:02:40 [DXGI] [INFO] InitAuto: dll=D:\project\AI\AHK\game-macro\modules\lib\dxgi_dup.dll out=0 fps=40
2025-11-14 16:02:40 [DXGI] [INFO] EnumOutputs count=0
2025-11-14 16:02:40 [DXGI] [WARN] DXGI disabled: DupEnumOutputs=0 -> fall back to ROI/GDI
2025-11-14 16:02:42 [DXGI] [INFO] FPS update -> 40
2025-11-14 16:03:09 [DXGI] [INFO] Env: ahk=x64 perm=Admin session=Local os=10.0.26100
2025-11-14 16:03:09 [DXGI] [INFO] InitAuto: dll=D:\project\AI\AHK\game-macro\modules\lib\dxgi_dup.dll out=0 fps=40
2025-11-14 16:03:09 [DXGI] [INFO] EnumOutputs count=0
2025-11-14 16:03:09 [DXGI] [WARN] DXGI disabled: DupEnumOutputs=0 -> fall back to ROI/GDI
2025-11-14 16:03:10 [DXGI] [INFO] FPS update -> 40
2025-11-14 16:03:36 [DXGI] [INFO] Env: ahk=x64 perm=Admin session=Local os=10.0.26100
2025-11-14 16:03:36 [DXGI] [INFO] InitAuto: dll=D:\project\AI\AHK\game-macro\modules\lib\dxgi_dup.dll out=0 fps=40
2025-11-14 16:03:36 [DXGI] [INFO] EnumOutputs count=0
2025-11-14 16:03:36 [DXGI] [WARN] DXGI disabled: DupEnumOutputs=0 -> fall back to ROI/GDI
2025-11-14 16:03:37 [DXGI] [INFO] FPS update -> 40
2025-11-14 16:08:01 [DXGI] [INFO] Env: ahk=x64 perm=Admin session=Local os=10.0.26100
2025-11-14 16:08:01 [DXGI] [INFO] InitAuto: dll=D:\project\AI\AHK\game-macro\modules\lib\dxgi_dup.dll out=0 fps=40
2025-11-14 16:08:01 [DXGI] [INFO] EnumOutputs count=0
2025-11-14 16:08:01 [DXGI] [WARN] DXGI disabled: DupEnumOutputs=0 -> fall back to ROI/GDI
2025-11-14 16:08:03 [DXGI] [INFO] FPS update -> 40
2025-11-14 16:09:11 [DXGI] [INFO] Env: ahk=x64 perm=Admin session=Local os=10.0.26100
2025-11-14 16:09:11 [DXGI] [INFO] InitAuto: dll=D:\project\AI\AHK\game-macro\modules\lib\dxgi_dup.dll out=0 fps=40
2025-11-14 16:09:11 [DXGI] [INFO] EnumOutputs count=0
2025-11-14 16:09:11 [DXGI] [WARN] DXGI disabled: DupEnumOutputs=0 -> fall back to ROI/GDI
2025-11-14 16:09:12 [DXGI] [INFO] FPS update -> 40
2025-11-14 16:14:21 [DXGI] [INFO] Env: ahk=x64 perm=Admin session=Local os=10.0.26100
2025-11-14 16:14:21 [DXGI] [INFO] InitAuto: dll=D:\project\AI\AHK\game-macro\modules\lib\dxgi_dup.dll out=0 fps=40
2025-11-14 16:14:21 [DXGI] [INFO] EnumOutputs count=0
2025-11-14 16:14:21 [DXGI] [WARN] DXGI disabled: DupEnumOutputs=0 -> fall back to ROI/GDI
2025-11-14 16:14:23 [DXGI] [INFO] FPS update -> 40
2025-11-14 16:15:26 [DXGI] [INFO] Env: ahk=x64 perm=Admin session=Local os=10.0.26100
2025-11-14 16:15:26 [DXGI] [INFO] InitAuto: dll=D:\project\AI\AHK\game-macro\modules\lib\dxgi_dup.dll out=0 fps=40
2025-11-14 16:15:26 [DXGI] [INFO] EnumOutputs count=0
2025-11-14 16:15:26 [DXGI] [WARN] DXGI disabled: DupEnumOutputs=0 -> fall back to ROI/GDI
2025-11-14 16:15:27 [DXGI] [INFO] FPS update -> 40
2025-11-14 16:19:14 [DXGI] [INFO] Env: ahk=x64 perm=Admin session=Local os=10.0.26100
2025-11-14 16:19:14 [DXGI] [INFO] InitAuto: dll=D:\project\AI\AHK\game-macro\modules\lib\dxgi_dup.dll out=0 fps=40
2025-11-14 16:19:14 [DXGI] [INFO] EnumOutputs count=0
2025-11-14 16:19:14 [DXGI] [WARN] DXGI disabled: DupEnumOutputs=0 -> fall back to ROI/GDI
2025-11-14 16:19:16 [DXGI] [INFO] FPS update -> 40
2025-11-14 16:25:35 [DXGI] [INFO] Env: ahk=x64 perm=Admin session=Local os=10.0.26100
2025-11-14 16:25:35 [DXGI] [INFO] InitAuto: dll=D:\project\AI\AHK\game-macro\modules\lib\dxgi_dup.dll out=0 fps=40
2025-11-14 16:25:35 [DXGI] [INFO] EnumOutputs count=0
2025-11-14 16:25:35 [DXGI] [WARN] DXGI disabled: DupEnumOutputs=0 -> fall back to ROI/GDI
2025-11-14 16:25:37 [DXGI] [INFO] FPS update -> 40
2025-11-14 16:26:31 [DXGI] [INFO] Env: ahk=x64 perm=Admin session=Local os=10.0.26100
2025-11-14 16:26:31 [DXGI] [INFO] InitAuto: dll=D:\project\AI\AHK\game-macro\modules\lib\dxgi_dup.dll out=0 fps=40
2025-11-14 16:26:31 [DXGI] [INFO] EnumOutputs count=0
2025-11-14 16:26:32 [DXGI] [WARN] DXGI disabled: DupEnumOutputs=0 -> fall back to ROI/GDI
2025-11-14 16:26:33 [DXGI] [INFO] FPS update -> 40
2025-11-14 16:28:18 [DXGI] [INFO] Env: ahk=x64 perm=Admin session=Local os=10.0.26100
2025-11-14 16:28:18 [DXGI] [INFO] InitAuto: dll=D:\project\AI\AHK\game-macro\modules\lib\dxgi_dup.dll out=0 fps=40
2025-11-14 16:28:18 [DXGI] [INFO] EnumOutputs count=0
2025-11-14 16:28:18 [DXGI] [WARN] DXGI disabled: DupEnumOutputs=0 -> fall back to ROI/GDI
2025-11-14 16:28:19 [DXGI] [INFO] FPS update -> 40
2025-11-14 16:32:21 [DXGI] [INFO] Env: ahk=x64 perm=Admin session=Local os=10.0.26100
2025-11-14 16:32:21 [DXGI] [INFO] InitAuto: dll=D:\project\AI\AHK\game-macro\modules\lib\dxgi_dup.dll out=0 fps=40
2025-11-14 16:32:21 [DXGI] [INFO] EnumOutputs count=0
2025-11-14 16:32:21 [DXGI] [WARN] DXGI disabled: DupEnumOutputs=0 -> fall back to ROI/GDI
2025-11-14 16:32:22 [DXGI] [INFO] FPS update -> 40
2025-11-14 16:32:38 [DXGI] [INFO] Env: ahk=x64 perm=Admin session=Local os=10.0.26100
2025-11-14 16:32:38 [DXGI] [INFO] InitAuto: dll=D:\project\AI\AHK\game-macro\modules\lib\dxgi_dup.dll out=0 fps=40
2025-11-14 16:32:38 [DXGI] [INFO] EnumOutputs count=0
2025-11-14 16:32:38 [DXGI] [WARN] DXGI disabled: DupEnumOutputs=0 -> fall back to ROI/GDI
2025-11-14 16:32:39 [DXGI] [INFO] FPS update -> 40
2025-11-14 16:32:57 [DXGI] [INFO] Env: ahk=x64 perm=Admin session=Local os=10.0.26100
2025-11-14 16:32:57 [DXGI] [INFO] InitAuto: dll=D:\project\AI\AHK\game-macro\modules\lib\dxgi_dup.dll out=0 fps=40
2025-11-14 16:32:57 [DXGI] [INFO] EnumOutputs count=0
2025-11-14 16:32:57 [DXGI] [WARN] DXGI disabled: DupEnumOutputs=0 -> fall back to ROI/GDI
2025-11-14 16:32:58 [DXGI] [INFO] FPS update -> 40
2025-11-14 16:33:40 [DXGI] [INFO] Env: ahk=x64 perm=Admin session=Local os=10.0.26100
2025-11-14 16:33:40 [DXGI] [INFO] InitAuto: dll=D:\project\AI\AHK\game-macro\modules\lib\dxgi_dup.dll out=0 fps=40
2025-11-14 16:33:40 [DXGI] [INFO] EnumOutputs count=0
2025-11-14 16:33:40 [DXGI] [WARN] DXGI disabled: DupEnumOutputs=0 -> fall back to ROI/GDI
2025-11-14 16:33:41 [DXGI] [INFO] FPS update -> 40
2025-11-14 16:34:05 [DXGI] [INFO] Env: ahk=x64 perm=Admin session=Local os=10.0.26100
2025-11-14 16:34:05 [DXGI] [INFO] InitAuto: dll=D:\project\AI\AHK\game-macro\modules\lib\dxgi_dup.dll out=0 fps=40
2025-11-14 16:34:05 [DXGI] [INFO] EnumOutputs count=0
2025-11-14 16:34:05 [DXGI] [WARN] DXGI disabled: DupEnumOutputs=0 -> fall back to ROI/GDI
2025-11-14 16:34:06 [DXGI] [INFO] FPS update -> 40
2025-11-14 16:34:46 [DXGI] [INFO] Env: ahk=x64 perm=Admin session=Local os=10.0.26100
2025-11-14 16:34:46 [DXGI] [INFO] InitAuto: dll=D:\project\AI\AHK\game-macro\modules\lib\dxgi_dup.dll out=0 fps=40
2025-11-14 16:34:46 [DXGI] [INFO] EnumOutputs count=0
2025-11-14 16:34:46 [DXGI] [WARN] DXGI disabled: DupEnumOutputs=0 -> fall back to ROI/GDI
2025-11-14 16:34:47 [DXGI] [INFO] FPS update -> 40
2025-11-14 16:35:07 [DXGI] [INFO] Env: ahk=x64 perm=Admin session=Local os=10.0.26100
2025-11-14 16:35:07 [DXGI] [INFO] InitAuto: dll=D:\project\AI\AHK\game-macro\modules\lib\dxgi_dup.dll out=0 fps=40
2025-11-14 16:35:07 [DXGI] [INFO] EnumOutputs count=0
2025-11-14 16:35:07 [DXGI] [WARN] DXGI disabled: DupEnumOutputs=0 -> fall back to ROI/GDI
2025-11-14 16:35:08 [DXGI] [INFO] FPS update -> 40
2025-11-14 16:35:43 [DXGI] [INFO] Env: ahk=x64 perm=Admin session=Local os=10.0.26100
2025-11-14 16:35:43 [DXGI] [INFO] InitAuto: dll=D:\project\AI\AHK\game-macro\modules\lib\dxgi_dup.dll out=0 fps=40
2025-11-14 16:35:43 [DXGI] [INFO] EnumOutputs count=0
2025-11-14 16:35:43 [DXGI] [WARN] DXGI disabled: DupEnumOutputs=0 -> fall back to ROI/GDI
2025-11-14 16:35:44 [DXGI] [INFO] FPS update -> 40
2025-11-14 16:35:58 [DXGI] [INFO] Env: ahk=x64 perm=Admin session=Local os=10.0.26100
2025-11-14 16:35:58 [DXGI] [INFO] InitAuto: dll=D:\project\AI\AHK\game-macro\modules\lib\dxgi_dup.dll out=0 fps=40
2025-11-14 16:35:58 [DXGI] [INFO] EnumOutputs count=0
2025-11-14 16:35:58 [DXGI] [WARN] DXGI disabled: DupEnumOutputs=0 -> fall back to ROI/GDI
2025-11-14 16:35:59 [DXGI] [INFO] FPS update -> 40
2025-11-14 16:39:53 [DXGI] [INFO] Env: ahk=x64 perm=Admin session=Local os=10.0.26100
2025-11-14 16:39:53 [DXGI] [INFO] InitAuto: dll=D:\project\AI\AHK\game-macro\modules\lib\dxgi_dup.dll out=0 fps=40
2025-11-14 16:39:53 [DXGI] [INFO] EnumOutputs count=0
2025-11-14 16:39:53 [DXGI] [WARN] DXGI disabled: DupEnumOutputs=0 -> fall back to ROI/GDI
2025-11-14 16:39:54 [DXGI] [INFO] FPS update -> 40
2025-11-14 16:40:18 [DXGI] [INFO] Env: ahk=x64 perm=Admin session=Local os=10.0.26100
2025-11-14 16:40:18 [DXGI] [INFO] InitAuto: dll=D:\project\AI\AHK\game-macro\modules\lib\dxgi_dup.dll out=0 fps=40
2025-11-14 16:40:18 [DXGI] [INFO] EnumOutputs count=0
2025-11-14 16:40:18 [DXGI] [WARN] DXGI disabled: DupEnumOutputs=0 -> fall back to ROI/GDI
2025-11-14 16:40:19 [DXGI] [INFO] FPS update -> 40
2025-11-14 16:44:28 [DXGI] [INFO] Env: ahk=x64 perm=Admin session=Local os=10.0.26100
2025-11-14 16:44:28 [DXGI] [INFO] InitAuto: dll=D:\project\AI\AHK\game-macro\modules\lib\dxgi_dup.dll out=0 fps=40
2025-11-14 16:44:28 [DXGI] [INFO] EnumOutputs count=0
2025-11-14 16:44:28 [DXGI] [WARN] DXGI disabled: DupEnumOutputs=0 -> fall back to ROI/GDI
2025-11-14 16:44:30 [DXGI] [INFO] FPS update -> 40
2025-11-14 16:46:38 [DXGI] [INFO] Env: ahk=x64 perm=Admin session=Local os=10.0.26100
2025-11-14 16:46:38 [DXGI] [INFO] InitAuto: dll=D:\project\AI\AHK\game-macro\modules\lib\dxgi_dup.dll out=0 fps=40
2025-11-14 16:46:38 [DXGI] [INFO] EnumOutputs count=0
2025-11-14 16:46:38 [DXGI] [WARN] DXGI disabled: DupEnumOutputs=0 -> fall back to ROI/GDI
2025-11-14 16:46:40 [DXGI] [INFO] FPS update -> 40
2025-11-17 09:18:08 [DXGI] [INFO] Env: ahk=x64 perm=Admin session=Local os=10.0.26100
2025-11-17 09:18:08 [DXGI] [INFO] InitAuto: dll=D:\project\AI\AHK\game-macro\modules\lib\dxgi_dup.dll out=0 fps=40
2025-11-17 09:18:08 [DXGI] [INFO] EnumOutputs count=0
2025-11-17 09:18:08 [DXGI] [WARN] DXGI disabled: DupEnumOutputs=0 -> fall back to ROI/GDI
2025-11-17 09:18:09 [DXGI] [INFO] FPS update -> 40
2025-11-17 09:19:00 [DXGI] [INFO] Env: ahk=x64 perm=Admin session=Local os=10.0.26100
2025-11-17 09:19:00 [DXGI] [INFO] InitAuto: dll=D:\project\AI\AHK\game-macro\modules\lib\dxgi_dup.dll out=0 fps=40
2025-11-17 09:19:00 [DXGI] [INFO] EnumOutputs count=0
2025-11-17 09:19:00 [DXGI] [WARN] DXGI disabled: DupEnumOutputs=0 -> fall back to ROI/GDI
2025-11-17 09:19:02 [DXGI] [INFO] FPS update -> 40
2025-11-17 09:19:06 [DXGI] [INFO] State: Ready=0 Out=0 Name= Rect=(0,0)-(0,0) FPS=40
2025-11-17 09:19:06 [DXGI] [INFO] Frame#1 path=None hits: dx=0 roi=0 gdi=0
2025-11-17 09:19:07 [DXGI] [INFO] Frame#2 path=GDI hits: dx=0 roi=0 gdi=1
2025-11-17 09:19:08 [DXGI] [INFO] Frame#5 path=None hits: dx=0 roi=0 gdi=0
2025-11-17 09:19:08 [DXGI] [INFO] Frame#14 path=GDI hits: dx=0 roi=0 gdi=1
2025-11-17 09:19:08 [DXGI] [INFO] Frame#15 path=None hits: dx=0 roi=0 gdi=0
2025-11-17 09:19:08 [DXGI] [INFO] Frame#18 path=GDI hits: dx=0 roi=0 gdi=1
2025-11-17 09:19:10 [DXGI] [INFO] Frame#35 path=None hits: dx=0 roi=0 gdi=0
2025-11-17 09:19:11 [DXGI] [INFO] Frame#41 path=GDI hits: dx=0 roi=0 gdi=1
2025-11-17 09:19:11 [DXGI] [INFO] Frame#42 path=None hits: dx=0 roi=0 gdi=0
2025-11-17 09:19:11 [DXGI] [INFO] Frame#43 path=GDI hits: dx=0 roi=0 gdi=1
2025-11-17 09:19:11 [DXGI] [INFO] Frame#46 path=None hits: dx=0 roi=0 gdi=0
2025-11-17 09:19:12 [DXGI] [INFO] Frame#57 path=GDI hits: dx=0 roi=0 gdi=1
2025-11-17 09:19:12 [DXGI] [INFO] Frame#60 path=None hits: dx=0 roi=0 gdi=0
2025-11-17 09:53:45 [DXGI] [INFO] Env: ahk=x64 perm=Admin session=Local os=10.0.26100
2025-11-17 09:53:45 [DXGI] [INFO] InitAuto: dll=D:\project\AI\AHK\game-macro\modules\lib\dxgi_dup.dll out=0 fps=40
2025-11-17 09:53:46 [DXGI] [INFO] EnumOutputs count=0
2025-11-17 09:53:46 [DXGI] [WARN] DXGI disabled: DupEnumOutputs=0 -> fall back to ROI/GDI
2025-11-17 09:53:47 [DXGI] [INFO] FPS update -> 40
2025-11-17 10:53:25 [DXGI] [INFO] Env: ahk=x64 perm=Admin session=Local os=10.0.26100
2025-11-17 10:53:25 [DXGI] [INFO] InitAuto: dll=D:\project\AI\AHK\game-macro\modules\lib\dxgi_dup.dll out=0 fps=40
2025-11-17 10:53:25 [DXGI] [INFO] EnumOutputs count=0
2025-11-17 10:53:25 [DXGI] [WARN] DXGI disabled: DupEnumOutputs=0 -> fall back to ROI/GDI
2025-11-17 10:53:27 [DXGI] [INFO] FPS update -> 40
2025-11-17 10:55:03 [DXGI] [INFO] Env: ahk=x64 perm=Admin session=Local os=10.0.26100
2025-11-17 10:55:03 [DXGI] [INFO] InitAuto: dll=D:\project\AI\AHK\game-macro\modules\lib\dxgi_dup.dll out=0 fps=40
2025-11-17 10:55:03 [DXGI] [INFO] EnumOutputs count=0
2025-11-17 10:55:04 [DXGI] [WARN] DXGI disabled: DupEnumOutputs=0 -> fall back to ROI/GDI
2025-11-17 10:55:05 [DXGI] [INFO] FPS update -> 40
2025-11-17 11:11:00 [DXGI] [INFO] Env: ahk=x64 perm=Admin session=Local os=10.0.26100
2025-11-17 11:11:00 [DXGI] [INFO] InitAuto: dll=D:\project\AI\AHK\game-macro\modules\lib\dxgi_dup.dll out=0 fps=40
2025-11-17 11:11:00 [DXGI] [INFO] EnumOutputs count=0
2025-11-17 11:11:00 [DXGI] [WARN] DXGI disabled: DupEnumOutputs=0 -> fall back to ROI/GDI
2025-11-17 11:11:01 [DXGI] [INFO] FPS update -> 40
2025-11-17 11:11:10 [DXGI] [INFO] State: Ready=0 Out=0 Name= Rect=(0,0)-(0,0) FPS=40
2025-11-17 11:11:10 [DXGI] [INFO] Frame#1 path=None hits: dx=0 roi=0 gdi=0
2025-11-17 11:11:11 [DXGI] [INFO] Frame#2 path=GDI hits: dx=0 roi=0 gdi=1
2025-11-17 11:11:11 [DXGI] [INFO] Frame#4 path=None hits: dx=0 roi=0 gdi=0
2025-11-17 11:11:11 [DXGI] [INFO] Frame#9 path=GDI hits: dx=0 roi=0 gdi=1
2025-11-17 11:11:11 [DXGI] [INFO] Frame#10 path=None hits: dx=0 roi=0 gdi=0
2025-11-17 11:11:12 [DXGI] [INFO] Frame#12 path=GDI hits: dx=0 roi=0 gdi=1
2025-11-17 11:11:12 [DXGI] [INFO] Frame#31 path=None hits: dx=0 roi=0 gdi=0
2025-11-17 11:11:12 [DXGI] [INFO] Frame#35 path=GDI hits: dx=0 roi=0 gdi=1
2025-11-17 11:11:13 [DXGI] [INFO] Frame#54 path=None hits: dx=0 roi=0 gdi=0
2025-11-17 11:11:13 [DXGI] [INFO] Frame#58 path=GDI hits: dx=0 roi=0 gdi=1
2025-11-17 11:11:14 [DXGI] [INFO] Frame#77 path=None hits: dx=0 roi=0 gdi=0
2025-11-17 11:11:14 [DXGI] [INFO] Frame#81 path=GDI hits: dx=0 roi=0 gdi=1
2025-11-17 11:36:45 [DXGI] [INFO] Env: ahk=x64 perm=Admin session=Local os=10.0.26100
2025-11-17 11:36:45 [DXGI] [INFO] InitAuto: dll=D:\project\AI\AHK\game-macro\modules\lib\dxgi_dup.dll out=0 fps=40
2025-11-17 11:36:45 [DXGI] [INFO] EnumOutputs count=0
2025-11-17 11:36:45 [DXGI] [WARN] DXGI disabled: DupEnumOutputs=0 -> fall back to ROI/GDI
2025-11-17 11:36:47 [DXGI] [INFO] FPS update -> 40
2025-11-17 13:47:09 [DXGI] [INFO] Env: ahk=x64 perm=Admin session=Local os=10.0.26100
2025-11-17 13:47:09 [DXGI] [INFO] InitAuto: dll=D:\project\AI\AHK\game-macro\modules\lib\dxgi_dup.dll out=0 fps=40
2025-11-17 13:47:09 [DXGI] [INFO] EnumOutputs count=0
2025-11-17 13:47:09 [DXGI] [WARN] DXGI disabled: DupEnumOutputs=0 -> fall back to ROI/GDI
2025-11-17 13:47:10 [DXGI] [INFO] FPS update -> 40
2025-11-17 13:47:33 [DXGI] [INFO] Env: ahk=x64 perm=Admin session=Local os=10.0.26100
2025-11-17 13:47:33 [DXGI] [INFO] InitAuto: dll=D:\project\AI\AHK\game-macro\modules\lib\dxgi_dup.dll out=0 fps=40
2025-11-17 13:47:33 [DXGI] [INFO] EnumOutputs count=0
2025-11-17 13:47:33 [DXGI] [WARN] DXGI disabled: DupEnumOutputs=0 -> fall back to ROI/GDI
2025-11-17 13:47:35 [DXGI] [INFO] FPS update -> 40
2025-11-17 14:07:41 [DXGI] [INFO] Env: ahk=x64 perm=Admin session=Local os=10.0.26100
2025-11-17 14:07:41 [DXGI] [INFO] InitAuto: dll=D:\project\AI\AHK\game-macro\modules\lib\dxgi_dup.dll out=0 fps=40
2025-11-17 14:07:41 [DXGI] [INFO] EnumOutputs count=0
2025-11-17 14:07:41 [DXGI] [WARN] DXGI disabled: DupEnumOutputs=0 -> fall back to ROI/GDI
2025-11-17 14:07:42 [DXGI] [INFO] FPS update -> 40
2025-11-17 14:24:13 [DXGI] [INFO] Env: ahk=x64 perm=Admin session=Local os=10.0.26100
2025-11-17 14:24:13 [DXGI] [INFO] InitAuto: dll=D:\project\AI\AHK\game-macro\modules\lib\dxgi_dup.dll out=0 fps=40
2025-11-17 14:24:13 [DXGI] [INFO] EnumOutputs count=0
2025-11-17 14:24:13 [DXGI] [WARN] DXGI disabled: DupEnumOutputs=0 -> fall back to ROI/GDI
2025-11-17 14:24:14 [DXGI] [INFO] FPS update -> 40
2025-11-17 16:50:56 [DXGI] [INFO] Env: ahk=x64 perm=Admin session=Local os=10.0.26100
2025-11-17 16:50:56 [DXGI] [INFO] InitAuto: dll=D:\project\AI\AHK\game-macro\modules\lib\dxgi_dup.dll out=0 fps=40
2025-11-17 16:50:56 [DXGI] [INFO] EnumOutputs count=0
2025-11-17 16:50:56 [DXGI] [WARN] DXGI disabled: DupEnumOutputs=0 -> fall back to ROI/GDI
2025-11-17 16:50:57 [DXGI] [INFO] FPS update -> 40
2025-11-18 10:02:21 [DXGI] [INFO] Env: ahk=x64 perm=Admin session=Local os=10.0.26100
2025-11-18 10:02:21 [DXGI] [INFO] InitAuto: dll=D:\project\AI\AHK\game-macro\modules\lib\dxgi_dup.dll out=0 fps=40
2025-11-18 10:02:21 [DXGI] [INFO] EnumOutputs count=0
2025-11-18 10:02:21 [DXGI] [WARN] DXGI disabled: DupEnumOutputs=0 -> fall back to ROI/GDI
2025-11-18 10:02:22 [DXGI] [INFO] FPS update -> 40
2025-11-18 10:02:32 [DXGI] [INFO] State: Ready=0 Out=0 Name= Rect=(0,0)-(0,0) FPS=40
2025-11-18 10:02:32 [DXGI] [INFO] Frame#1 path=None hits: dx=0 roi=0 gdi=0
2025-11-18 10:02:33 [DXGI] [INFO] Frame#2 path=GDI hits: dx=0 roi=0 gdi=1
2025-11-18 10:02:33 [DXGI] [INFO] Frame#4 path=None hits: dx=0 roi=0 gdi=0
2025-11-18 10:02:33 [DXGI] [INFO] Frame#7 path=GDI hits: dx=0 roi=0 gdi=1
2025-11-18 10:02:34 [DXGI] [INFO] Frame#25 path=None hits: dx=0 roi=0 gdi=0
2025-11-18 10:02:34 [DXGI] [INFO] Frame#29 path=GDI hits: dx=0 roi=0 gdi=1
2025-11-18 10:02:34 [DXGI] [INFO] Frame#48 path=None hits: dx=0 roi=0 gdi=0
2025-11-18 10:02:34 [DXGI] [INFO] Frame#52 path=GDI hits: dx=0 roi=0 gdi=1
2025-11-18 10:02:35 [DXGI] [INFO] Frame#71 path=None hits: dx=0 roi=0 gdi=0
2025-11-18 10:02:35 [DXGI] [INFO] Frame#75 path=GDI hits: dx=0 roi=0 gdi=1
2025-11-18 10:02:36 [DXGI] [INFO] Frame#94 path=None hits: dx=0 roi=0 gdi=0
2025-11-18 10:02:36 [DXGI] [INFO] Frame#98 path=GDI hits: dx=0 roi=0 gdi=1
2025-11-18 10:02:37 [DXGI] [INFO] Frame#117 path=None hits: dx=0 roi=0 gdi=0
2025-11-18 10:02:37 [DXGI] [INFO] Frame#121 path=GDI hits: dx=0 roi=0 gdi=1
2025-11-18 10:02:37 [DXGI] [INFO] Frame#139 path=None hits: dx=0 roi=0 gdi=0
2025-11-18 10:02:38 [DXGI] [INFO] Frame#143 path=GDI hits: dx=0 roi=0 gdi=1
