2025-11-10 18:17:41 [Rotation] [INFO] AutoEnable at Init: Watch present, force Enabled=1
2025-11-10 18:17:41 [Rotation] [INFO] Cfg: Enabled=1 T1W=1 T2W=1 OpW=0 TrackCount=2
2025-11-10 18:17:41 [Rotation] [INFO] Enter Opener
2025-11-10 18:17:41 [Rotation] [INFO] Init -> Phase=Opener Track=0
2025-11-10 18:23:50 [Rotation] [INFO] AutoEnable at Init: Watch present, force Enabled=1
2025-11-10 18:23:50 [Rotation] [INFO] Cfg: Enabled=1 T1W=1 T2W=1 OpW=0 TrackCount=2
2025-11-10 18:23:50 [Rotation] [INFO] Enter Opener
2025-11-10 18:23:50 [Rotation] [INFO] Init -> Phase=Opener Track=0
2025-11-10 18:30:40 [Rotation] [INFO] AutoEnable at Init: Watch present, force Enabled=1
2025-11-10 18:30:40 [Rotation] [INFO] Cfg: Enabled=1 T1W=1 T2W=1 OpW=0 TrackCount=2
2025-11-10 18:30:40 [Rotation] [INFO] Enter Opener
2025-11-10 18:30:40 [Rotation] [INFO] Init -> Phase=Opener Track=0
2025-11-10 18:32:38 [Rotation] [INFO] AutoEnable at Init: Watch present, force Enabled=1
2025-11-10 18:32:38 [Rotation] [INFO] Cfg: Enabled=1 T1W=1 T2W=1 OpW=0 TrackCount=2
2025-11-10 18:32:38 [Rotation] [INFO] Enter Opener
2025-11-10 18:32:38 [Rotation] [INFO] Init -> Phase=Opener Track=0
2025-11-10 18:36:06 [Rotation] [INFO] AutoEnable at Init: Watch present, force Enabled=1
2025-11-10 18:36:06 [Rotation] [INFO] Cfg: Enabled=1 T1W=1 T2W=1 OpW=0 TrackCount=2
2025-11-10 18:36:06 [Rotation] [INFO] Enter Opener
2025-11-10 18:36:06 [Rotation] [INFO] Init -> Phase=Opener Track=0
2025-11-10 18:39:27 [Rotation] [INFO] AutoEnable at Init: Watch present, force Enabled=1
2025-11-10 18:39:27 [Rotation] [INFO] Cfg: Enabled=1 T1W=1 T2W=1 OpW=0 TrackCount=2
2025-11-10 18:39:27 [Rotation] [INFO] Enter Opener
2025-11-10 18:39:27 [Rotation] [INFO] Init -> Phase=Opener Track=0
2025-11-10 18:41:52 [Rotation] [INFO] AutoEnable at Init: Watch present, force Enabled=1
2025-11-10 18:41:52 [Rotation] [INFO] Cfg: Enabled=1 T1W=1 T2W=1 OpW=0 TrackCount=2
2025-11-10 18:41:52 [Rotation] [INFO] Enter Opener
2025-11-10 18:41:52 [Rotation] [INFO] Init -> Phase=Opener Track=0
2025-11-10 18:43:24 [Rotation] [INFO] AutoEnable at Init: Watch present, force Enabled=1
2025-11-10 18:43:24 [Rotation] [INFO] Cfg: Enabled=1 T1W=1 T2W=1 OpW=0 TrackCount=2
2025-11-10 18:43:24 [Rotation] [INFO] Enter Opener
2025-11-10 18:43:24 [Rotation] [INFO] Init -> Phase=Opener Track=0
2025-11-10 18:46:57 [Rotation] [INFO] AutoEnable at Init: Watch present, force Enabled=1
2025-11-10 18:46:57 [Rotation] [INFO] Cfg: Enabled=1 T1W=1 T2W=1 OpW=0 TrackCount=2
2025-11-10 18:46:57 [Rotation] [INFO] Enter Opener
2025-11-10 18:46:57 [Rotation] [INFO] Init -> Phase=Opener Track=0
2025-11-10 18:51:23 [Rotation] [INFO] AutoEnable at Init: Watch present, force Enabled=1
2025-11-10 18:51:23 [Rotation] [INFO] Cfg: Enabled=1 T1W=1 T2W=1 OpW=0 TrackCount=2
2025-11-10 18:51:23 [Rotation] [INFO] Enter Opener
2025-11-10 18:51:23 [Rotation] [INFO] Init -> Phase=Opener Track=0
2025-11-10 18:55:37 [Rotation] [INFO] AutoEnable at Init: Watch present, force Enabled=1
2025-11-10 18:55:37 [Rotation] [INFO] Cfg: Enabled=1 T1W=1 T2W=1 OpW=0 TrackCount=2
2025-11-10 18:55:37 [Rotation] [INFO] Enter Opener
2025-11-10 18:55:37 [Rotation] [INFO] Init -> Phase=Opener Track=0
2025-11-10 18:57:31 [Rotation] [INFO] AutoEnable at Init: Watch present, force Enabled=1
2025-11-10 18:57:31 [Rotation] [INFO] Cfg: Enabled=1 T1W=1 T2W=1 OpW=0 TrackCount=2
2025-11-10 18:57:31 [Rotation] [INFO] Enter Opener
2025-11-10 18:57:31 [Rotation] [INFO] Init -> Phase=Opener Track=0
2025-11-10 18:58:59 [Rotation] [INFO] AutoEnable at Init: Watch present, force Enabled=1
2025-11-10 18:58:59 [Rotation] [INFO] Cfg: Enabled=1 T1W=1 T2W=1 OpW=0 TrackCount=2
2025-11-10 18:58:59 [Rotation] [INFO] Enter Opener
2025-11-10 18:58:59 [Rotation] [INFO] Init -> Phase=Opener Track=0
2025-11-10 19:00:09 [Rotation] [INFO] AutoEnable at Init: Watch present, force Enabled=1
2025-11-10 19:00:09 [Rotation] [INFO] Cfg: Enabled=1 T1W=1 T2W=1 OpW=0 TrackCount=2
2025-11-10 19:00:09 [Rotation] [INFO] Enter Opener
2025-11-10 19:00:09 [Rotation] [INFO] Init -> Phase=Opener Track=0
2025-11-10 19:01:32 [Rotation] [INFO] AutoEnable at Init: Watch present, force Enabled=1
2025-11-10 19:01:32 [Rotation] [INFO] Cfg: Enabled=1 T1W=1 T2W=1 OpW=0 TrackCount=2
2025-11-10 19:01:32 [Rotation] [INFO] Enter Opener
2025-11-10 19:01:32 [Rotation] [INFO] Init -> Phase=Opener Track=0
2025-11-10 19:02:21 [Rotation] [INFO] AutoEnable at Init: Watch present, force Enabled=1
2025-11-10 19:02:21 [Rotation] [INFO] Cfg: Enabled=1 T1W=1 T2W=1 OpW=0 TrackCount=2
2025-11-10 19:02:21 [Rotation] [INFO] Enter Opener
2025-11-10 19:02:21 [Rotation] [INFO] Init -> Phase=Opener Track=0
2025-11-11 08:09:51 [Rotation] [INFO] AutoEnable at Init: Watch present, force Enabled=1
2025-11-11 08:09:51 [Rotation] [INFO] Cfg: Enabled=1 T1W=1 T2W=1 OpW=0 TrackCount=2
2025-11-11 08:09:51 [Rotation] [INFO] Enter Opener
2025-11-11 08:09:51 [Rotation] [INFO] Init -> Phase=Opener Track=0
2025-11-11 08:15:48 [Rotation] [INFO] AutoEnable at Init: Watch present, force Enabled=1
2025-11-11 08:15:48 [Rotation] [INFO] Cfg: Enabled=1 T1W=1 T2W=1 OpW=0 TrackCount=2
2025-11-11 08:15:48 [Rotation] [INFO] Enter Opener
2025-11-11 08:15:48 [Rotation] [INFO] Init -> Phase=Opener Track=0
2025-11-11 08:58:27 [Rotation] [INFO] AutoEnable at Init: Watch present, force Enabled=1
2025-11-11 08:58:27 [Rotation] [INFO] Cfg: Enabled=1 T1W=1 T2W=1 OpW=0 TrackCount=2
2025-11-11 08:58:27 [Rotation] [INFO] Enter Opener
2025-11-11 08:58:27 [Rotation] [INFO] Init -> Phase=Opener Track=0
2025-11-11 08:58:34 [Rotation] [INFO] AutoEnable at Init: Watch present, force Enabled=1
2025-11-11 08:58:34 [Rotation] [INFO] Cfg: Enabled=1 T1W=1 T2W=1 OpW=0 TrackCount=2
2025-11-11 08:58:34 [Rotation] [INFO] Enter Opener
2025-11-11 08:58:34 [Rotation] [INFO] Init -> Phase=Opener Track=0
2025-11-11 08:59:07 [Rotation] [INFO] AutoEnable at Init: Watch present, force Enabled=1
2025-11-11 08:59:07 [Rotation] [INFO] Cfg: Enabled=1 T1W=1 T2W=1 OpW=0 TrackCount=2
2025-11-11 08:59:07 [Rotation] [INFO] Enter Opener
2025-11-11 08:59:07 [Rotation] [INFO] Init -> Phase=Opener Track=0
2025-11-11 08:59:26 [Rotation] [INFO] AutoEnable at Init: Watch present, force Enabled=1
2025-11-11 08:59:26 [Rotation] [INFO] Cfg: Enabled=1 T1W=1 T2W=1 OpW=0 TrackCount=2
2025-11-11 08:59:26 [Rotation] [INFO] Enter Opener
2025-11-11 08:59:26 [Rotation] [INFO] Init -> Phase=Opener Track=0
2025-11-11 09:06:43 [Rotation] [INFO] AutoEnable at Init: Watch present, force Enabled=1
2025-11-11 09:06:43 [Rotation] [INFO] Cfg: Enabled=1 T1W=1 T2W=1 OpW=0 TrackCount=2
2025-11-11 09:06:43 [Rotation] [INFO] Enter Opener
2025-11-11 09:06:43 [Rotation] [INFO] Init -> Phase=Opener Track=0
2025-11-11 09:20:22 [Rotation] [INFO] AutoEnable at Init: Watch present, force Enabled=1
2025-11-11 09:20:22 [Rotation] [INFO] Cfg: Enabled=1 T1W=1 T2W=1 OpW=0 TrackCount=2
2025-11-11 09:20:22 [Rotation] [INFO] Enter Opener
2025-11-11 09:20:22 [Rotation] [INFO] Init -> Phase=Opener Track=0
2025-11-11 09:33:29 [Rotation] [INFO] AutoEnable at Init: Watch present, force Enabled=1
2025-11-11 09:33:29 [Rotation] [INFO] Cfg: Enabled=1 T1W=1 T2W=1 OpW=0 TrackCount=2
2025-11-11 09:33:29 [Rotation] [INFO] Enter Opener
2025-11-11 09:33:29 [Rotation] [INFO] Init -> Phase=Opener Track=0
2025-11-11 09:33:39 [Rotation] [INFO] AutoEnable at Init: Watch present, force Enabled=1
2025-11-11 09:33:39 [Rotation] [INFO] Cfg: Enabled=1 T1W=1 T2W=1 OpW=0 TrackCount=2
2025-11-11 09:33:39 [Rotation] [INFO] Enter Opener
2025-11-11 09:33:39 [Rotation] [INFO] Init -> Phase=Opener Track=0
2025-11-11 09:33:46 [Rotation] [INFO] AutoEnable at Init: Watch present, force Enabled=1
2025-11-11 09:33:46 [Rotation] [INFO] Cfg: Enabled=1 T1W=1 T2W=1 OpW=0 TrackCount=2
2025-11-11 09:33:46 [Rotation] [INFO] Enter Opener
2025-11-11 09:33:46 [Rotation] [INFO] Init -> Phase=Opener Track=0
2025-11-11 09:35:11 [Rotation] [INFO] AutoEnable at Init: Watch present, force Enabled=1
2025-11-11 09:35:11 [Rotation] [INFO] Cfg: Enabled=1 T1W=1 T2W=1 OpW=0 TrackCount=2
2025-11-11 09:35:11 [Rotation] [INFO] Enter Opener
2025-11-11 09:35:11 [Rotation] [INFO] Init -> Phase=Opener Track=0
2025-11-11 09:38:00 [Rotation] [INFO] AutoEnable at Init: Watch present, force Enabled=1
2025-11-11 09:38:00 [Rotation] [INFO] Cfg: Enabled=1 T1W=1 T2W=1 OpW=0 TrackCount=2
2025-11-11 09:38:00 [Rotation] [INFO] Enter Opener
2025-11-11 09:38:00 [Rotation] [INFO] Init -> Phase=Opener Track=0
2025-11-11 09:38:27 [Rotation] [INFO] AutoEnable at Init: Watch present, force Enabled=1
2025-11-11 09:38:27 [Rotation] [INFO] Cfg: Enabled=1 T1W=1 T2W=1 OpW=0 TrackCount=2
2025-11-11 09:38:27 [Rotation] [INFO] Enter Opener
2025-11-11 09:38:27 [Rotation] [INFO] Init -> Phase=Opener Track=0
2025-11-11 09:38:42 [Rotation] [INFO] AutoEnable at Init: Watch present, force Enabled=1
2025-11-11 09:38:42 [Rotation] [INFO] Cfg: Enabled=1 T1W=1 T2W=1 OpW=0 TrackCount=2
2025-11-11 09:38:42 [Rotation] [INFO] Enter Opener
2025-11-11 09:38:42 [Rotation] [INFO] Init -> Phase=Opener Track=0
2025-11-11 09:48:43 [Rotation] [INFO] AutoEnable at Init: Watch present, force Enabled=1
2025-11-11 09:48:43 [Rotation] [INFO] Cfg: Enabled=1 T1W=1 T2W=1 OpW=0 TrackCount=2
2025-11-11 09:48:43 [Rotation] [INFO] Enter Opener
2025-11-11 09:48:43 [Rotation] [INFO] Init -> Phase=Opener Track=0
2025-11-11 10:47:00 [Rotation] [INFO] AutoEnable at Init: Watch present, force Enabled=1
2025-11-11 10:47:00 [Rotation] [INFO] Cfg: Enabled=1 T1W=1 T2W=1 OpW=0 TrackCount=2
2025-11-11 10:47:00 [Rotation] [INFO] Enter Opener
2025-11-11 10:47:00 [Rotation] [INFO] Init -> Phase=Opener Track=0
2025-11-11 10:50:16 [Rotation] [INFO] AutoEnable at Init: Watch present, force Enabled=1
2025-11-11 10:50:16 [Rotation] [INFO] Cfg: Enabled=1 T1W=1 T2W=1 OpW=0 TrackCount=2
2025-11-11 10:50:16 [Rotation] [INFO] Enter Opener
2025-11-11 10:50:16 [Rotation] [INFO] Init -> Phase=Opener Track=0
2025-11-11 10:56:52 [Rotation] [INFO] AutoEnable at Init: Watch present, force Enabled=1
2025-11-11 10:56:52 [Rotation] [INFO] Cfg: Enabled=1 T1W=1 T2W=1 OpW=0 TrackCount=2
2025-11-11 10:56:52 [Rotation] [INFO] Enter Opener
2025-11-11 10:56:52 [Rotation] [INFO] Init -> Phase=Opener Track=0
2025-11-11 10:58:58 [Rotation] [INFO] AutoEnable at Init: Watch present, force Enabled=1
2025-11-11 10:58:58 [Rotation] [INFO] Cfg: Enabled=1 T1W=1 T2W=1 OpW=0 TrackCount=2
2025-11-11 10:58:58 [Rotation] [INFO] Enter Opener
2025-11-11 10:58:58 [Rotation] [INFO] Init -> Phase=Opener Track=0
2025-11-12 09:49:48 [Rotation] [INFO] AutoEnable at Init: Watch present, force Enabled=1
2025-11-12 09:49:48 [Rotation] [INFO] Cfg: Enabled=1 T1W=1 T2W=1 OpW=0 TrackCount=2
2025-11-12 09:49:48 [Rotation] [INFO] Enter Opener
2025-11-12 09:49:48 [Rotation] [INFO] Init -> Phase=Opener Track=0
2025-11-12 09:49:52 [Rotation] [INFO] AutoEnable at Init: Watch present, force Enabled=1
2025-11-12 09:49:52 [Rotation] [INFO] Cfg: Enabled=1 T1W=1 T2W=1 OpW=0 TrackCount=2
2025-11-12 09:49:52 [Rotation] [INFO] Enter Opener
2025-11-12 09:49:52 [Rotation] [INFO] Init -> Phase=Opener Track=0
2025-11-12 09:51:55 [Rotation] [INFO] AutoEnable at Init: Watch present, force Enabled=1
2025-11-12 09:51:55 [Rotation] [INFO] Cfg: Enabled=1 T1W=1 T2W=1 OpW=0 TrackCount=2
2025-11-12 09:51:55 [Rotation] [INFO] Enter Opener
2025-11-12 09:51:55 [Rotation] [INFO] Init -> Phase=Opener Track=0
2025-11-12 09:57:22 [Rotation] [INFO] AutoEnable at Init: Watch present, force Enabled=1
2025-11-12 09:57:22 [Rotation] [INFO] Cfg: Enabled=1 T1W=1 T2W=1 OpW=0 TrackCount=2
2025-11-12 09:57:22 [Rotation] [INFO] Enter Opener
2025-11-12 09:57:22 [Rotation] [INFO] Init -> Phase=Opener Track=0
2025-11-12 10:21:05 [Rotation] [INFO] AutoEnable at Init: Watch present, force Enabled=1
2025-11-12 10:21:05 [Rotation] [INFO] Cfg: Enabled=1 T1W=1 T2W=1 OpW=0 TrackCount=2
2025-11-12 10:21:05 [Rotation] [INFO] Enter Opener
2025-11-12 10:21:05 [Rotation] [INFO] Init -> Phase=Opener Track=0
2025-11-12 10:37:17 [Rotation] [INFO] AutoEnable at Init: Watch present, force Enabled=1
2025-11-12 10:37:17 [Rotation] [INFO] Cfg: Enabled=1 T1W=1 T2W=1 OpW=0 TrackCount=2
2025-11-12 10:37:17 [Rotation] [INFO] Enter Opener
2025-11-12 10:37:17 [Rotation] [INFO] Init -> Phase=Opener Track=0
2025-11-12 10:54:28 [Rotation] [INFO] AutoEnable at Init: Watch present, force Enabled=1
2025-11-12 10:54:28 [Rotation] [INFO] Cfg: Enabled=1 T1W=1 T2W=1 OpW=0 TrackCount=2
2025-11-12 10:54:28 [Rotation] [INFO] Enter Opener
2025-11-12 10:54:28 [Rotation] [INFO] Init -> Phase=Opener Track=0
2025-11-12 10:57:54 [Rotation] [INFO] AutoEnable at Init: Watch present, force Enabled=1
2025-11-12 10:57:54 [Rotation] [INFO] Cfg: Enabled=1 T1W=1 T2W=1 OpW=0 TrackCount=2
2025-11-12 10:57:54 [Rotation] [INFO] Enter Opener
2025-11-12 10:57:54 [Rotation] [INFO] Init -> Phase=Opener Track=0
2025-11-12 11:03:38 [Rotation] [INFO] AutoEnable at Init: Watch present, force Enabled=1
2025-11-12 11:03:38 [Rotation] [INFO] Cfg: Enabled=1 T1W=1 T2W=1 OpW=0 TrackCount=2
2025-11-12 11:03:38 [Rotation] [INFO] Enter Opener
2025-11-12 11:03:38 [Rotation] [INFO] Init -> Phase=Opener Track=0
2025-11-12 11:04:03 [Rotation] [INFO] AutoEnable at Init: Watch present, force Enabled=1
2025-11-12 11:04:03 [Rotation] [INFO] Cfg: Enabled=1 T1W=1 T2W=1 OpW=0 TrackCount=2
2025-11-12 11:04:03 [Rotation] [INFO] Enter Opener
2025-11-12 11:04:03 [Rotation] [INFO] Init -> Phase=Opener Track=0
2025-11-12 11:06:19 [Rotation] [INFO] AutoEnable at Init: Watch present, force Enabled=1
2025-11-12 11:06:19 [Rotation] [INFO] Cfg: Enabled=1 T1W=1 T2W=1 OpW=0 TrackCount=2
2025-11-12 11:06:19 [Rotation] [INFO] Enter Opener
2025-11-12 11:06:19 [Rotation] [INFO] Init -> Phase=Opener Track=0
2025-11-12 11:10:09 [Rotation] [INFO] AutoEnable at Init: Watch present, force Enabled=1
2025-11-12 11:10:09 [Rotation] [INFO] Cfg: Enabled=1 T1W=1 T2W=1 OpW=0 TrackCount=2
2025-11-12 11:10:09 [Rotation] [INFO] Enter Opener
2025-11-12 11:10:09 [Rotation] [INFO] Init -> Phase=Opener Track=0
2025-11-12 11:15:42 [Rotation] [INFO] AutoEnable at Init: Watch present, force Enabled=1
2025-11-12 11:15:42 [Rotation] [INFO] Cfg: Enabled=1 T1W=1 T2W=1 OpW=0 TrackCount=2
2025-11-12 11:15:42 [Rotation] [INFO] Enter Opener
2025-11-12 11:15:42 [Rotation] [INFO] Init -> Phase=Opener Track=0
2025-11-12 11:16:18 [Rotation] [INFO] AutoEnable at Init: Watch present, force Enabled=1
2025-11-12 11:16:18 [Rotation] [INFO] Cfg: Enabled=1 T1W=1 T2W=1 OpW=0 TrackCount=2
2025-11-12 11:16:18 [Rotation] [INFO] Enter Opener
2025-11-12 11:16:18 [Rotation] [INFO] Init -> Phase=Opener Track=0
2025-11-12 11:19:19 [Rotation] [INFO] AutoEnable at Init: Watch present, force Enabled=1
2025-11-12 11:19:19 [Rotation] [INFO] Cfg: Enabled=1 T1W=1 T2W=1 OpW=0 TrackCount=2
2025-11-12 11:19:19 [Rotation] [INFO] Enter Opener
2025-11-12 11:19:19 [Rotation] [INFO] Init -> Phase=Opener Track=0
2025-11-12 11:21:08 [Rotation] [INFO] AutoEnable at Init: Watch present, force Enabled=1
2025-11-12 11:21:08 [Rotation] [INFO] Cfg: Enabled=1 T1W=1 T2W=1 OpW=0 TrackCount=2
2025-11-12 11:21:08 [Rotation] [INFO] Enter Opener
2025-11-12 11:21:08 [Rotation] [INFO] Init -> Phase=Opener Track=0
2025-11-12 11:21:27 [Rotation] [INFO] AutoEnable at Init: Watch present, force Enabled=1
2025-11-12 11:21:27 [Rotation] [INFO] Cfg: Enabled=1 T1W=1 T2W=1 OpW=0 TrackCount=2
2025-11-12 11:21:27 [Rotation] [INFO] Enter Opener
2025-11-12 11:21:27 [Rotation] [INFO] Init -> Phase=Opener Track=0
2025-11-12 11:22:15 [Rotation] [INFO] AutoEnable at Init: Watch present, force Enabled=1
2025-11-12 11:22:15 [Rotation] [INFO] Cfg: Enabled=1 T1W=1 T2W=1 OpW=0 TrackCount=2
2025-11-12 11:22:15 [Rotation] [INFO] Enter Opener
2025-11-12 11:22:15 [Rotation] [INFO] Init -> Phase=Opener Track=0
2025-11-12 11:23:29 [Rotation] [INFO] AutoEnable at Init: Watch present, force Enabled=1
2025-11-12 11:23:29 [Rotation] [INFO] Cfg: Enabled=1 T1W=1 T2W=1 OpW=0 TrackCount=2
2025-11-12 11:23:29 [Rotation] [INFO] Enter Opener
2025-11-12 11:23:29 [Rotation] [INFO] Init -> Phase=Opener Track=0
2025-11-12 11:23:32 [Rotation] [INFO] AutoEnable at Init: Watch present, force Enabled=1
2025-11-12 11:23:32 [Rotation] [INFO] Cfg: Enabled=1 T1W=1 T2W=1 OpW=0 TrackCount=2
2025-11-12 11:23:32 [Rotation] [INFO] Enter Opener
2025-11-12 11:23:32 [Rotation] [INFO] Init -> Phase=Opener Track=0
2025-11-12 11:23:39 [Rotation] [INFO] AutoEnable at Init: Watch present, force Enabled=1
2025-11-12 11:23:39 [Rotation] [INFO] Cfg: Enabled=1 T1W=1 T2W=1 OpW=0 TrackCount=2
2025-11-12 11:23:39 [Rotation] [INFO] Enter Opener
2025-11-12 11:23:39 [Rotation] [INFO] Init -> Phase=Opener Track=0
2025-11-12 11:23:45 [Rotation] [INFO] AutoEnable at Init: Watch present, force Enabled=1
2025-11-12 11:23:45 [Rotation] [INFO] Cfg: Enabled=1 T1W=1 T2W=1 OpW=0 TrackCount=2
2025-11-12 11:23:45 [Rotation] [INFO] Enter Opener
2025-11-12 11:23:45 [Rotation] [INFO] Init -> Phase=Opener Track=0
2025-11-12 11:31:07 [Rotation] [INFO] AutoEnable at Init: Watch present, force Enabled=1
2025-11-12 11:31:07 [Rotation] [INFO] Cfg: Enabled=1 T1W=1 T2W=1 OpW=0 TrackCount=2
2025-11-12 11:31:07 [Rotation] [INFO] Enter Opener
2025-11-12 11:31:07 [Rotation] [INFO] Init -> Phase=Opener Track=0
2025-11-12 11:31:13 [Rotation] [INFO] AutoEnable at Init: Watch present, force Enabled=1
2025-11-12 11:31:13 [Rotation] [INFO] Cfg: Enabled=1 T1W=1 T2W=1 OpW=0 TrackCount=2
2025-11-12 11:31:13 [Rotation] [INFO] Enter Opener
2025-11-12 11:31:13 [Rotation] [INFO] Init -> Phase=Opener Track=0
2025-11-12 11:37:10 [Rotation] [INFO] AutoEnable at Init: Watch present, force Enabled=1
2025-11-12 11:37:10 [Rotation] [INFO] Cfg: Enabled=1 T1W=1 T2W=1 OpW=0 TrackCount=2
2025-11-12 11:37:10 [Rotation] [INFO] Enter Opener
2025-11-12 11:37:10 [Rotation] [INFO] Init -> Phase=Opener Track=0
2025-11-12 11:37:32 [Rotation] [INFO] AutoEnable at Init: Watch present, force Enabled=1
2025-11-12 11:37:32 [Rotation] [INFO] Cfg: Enabled=1 T1W=1 T2W=1 OpW=0 TrackCount=2
2025-11-12 11:37:32 [Rotation] [INFO] Enter Opener
2025-11-12 11:37:32 [Rotation] [INFO] Init -> Phase=Opener Track=0
2025-11-12 11:37:41 [Rotation] [INFO] AutoEnable at Init: Watch present, force Enabled=1
2025-11-12 11:37:41 [Rotation] [INFO] Cfg: Enabled=1 T1W=1 T2W=1 OpW=0 TrackCount=2
2025-11-12 11:37:41 [Rotation] [INFO] Enter Opener
2025-11-12 11:37:41 [Rotation] [INFO] Init -> Phase=Opener Track=0
2025-11-12 11:37:44 [Rotation] [INFO] AutoEnable at Init: Watch present, force Enabled=1
2025-11-12 11:37:44 [Rotation] [INFO] Cfg: Enabled=1 T1W=1 T2W=1 OpW=0 TrackCount=2
2025-11-12 11:37:44 [Rotation] [INFO] Enter Opener
2025-11-12 11:37:44 [Rotation] [INFO] Init -> Phase=Opener Track=0
2025-11-12 11:42:44 [Rotation] [INFO] AutoEnable at Init: Watch present, force Enabled=1
2025-11-12 11:42:44 [Rotation] [INFO] Cfg: Enabled=1 T1W=1 T2W=1 OpW=0 TrackCount=2
2025-11-12 11:42:44 [Rotation] [INFO] Enter Opener
2025-11-12 11:42:44 [Rotation] [INFO] Init -> Phase=Opener Track=0
2025-11-12 13:35:32 [Rotation] [INFO] AutoEnable at Init: Watch present, force Enabled=1
2025-11-12 13:35:32 [Rotation] [INFO] Cfg: Enabled=1 T1W=1 T2W=1 OpW=0 TrackCount=2
2025-11-12 13:35:32 [Rotation] [INFO] Enter Opener
2025-11-12 13:35:32 [Rotation] [INFO] Init -> Phase=Opener Track=0
2025-11-12 14:12:26 [Rotation] [INFO] AutoEnable at Init: Watch present, force Enabled=1
2025-11-12 14:12:26 [Rotation] [INFO] Cfg: Enabled=1 T1W=1 T2W=1 OpW=0 TrackCount=2
2025-11-12 14:12:26 [Rotation] [INFO] Enter Opener
2025-11-12 14:12:26 [Rotation] [INFO] Init -> Phase=Opener Track=0
2025-11-12 14:13:04 [Rotation] [INFO] AutoEnable at Init: Watch present, force Enabled=1
2025-11-12 14:13:04 [Rotation] [INFO] Cfg: Enabled=1 T1W=1 T2W=1 OpW=0 TrackCount=2
2025-11-12 14:13:05 [Rotation] [INFO] Enter Opener
2025-11-12 14:13:05 [Rotation] [INFO] Init -> Phase=Opener Track=0
2025-11-13 08:18:06 [Rotation] [INFO] AutoEnable at Init: Watch present, force Enabled=1
2025-11-13 08:18:06 [Rotation] [INFO] Cfg: Enabled=1 T1W=1 T2W=1 OpW=0 TrackCount=2
2025-11-13 08:18:06 [Rotation] [INFO] Enter Opener
2025-11-13 08:18:06 [Rotation] [INFO] Init -> Phase=Opener Track=0
2025-11-13 08:59:43 [Rotation] [INFO] AutoEnable at Init: Watch present, force Enabled=1
2025-11-13 08:59:43 [Rotation] [INFO] Cfg: Enabled=1 T1W=1 T2W=1 OpW=0 TrackCount=2
2025-11-13 08:59:43 [Rotation] [INFO] Enter Opener
2025-11-13 08:59:43 [Rotation] [INFO] Init -> Phase=Opener Track=0
2025-11-13 09:00:06 [Rotation] [INFO] AutoEnable at Init: Watch present, force Enabled=1
2025-11-13 09:00:06 [Rotation] [INFO] Cfg: Enabled=1 T1W=1 T2W=1 OpW=0 TrackCount=2
2025-11-13 09:00:06 [Rotation] [INFO] Enter Opener
2025-11-13 09:00:06 [Rotation] [INFO] Init -> Phase=Opener Track=0
2025-11-13 09:41:15 [Rotation] [INFO] AutoEnable at Init: Watch present, force Enabled=1
2025-11-13 09:41:15 [Rotation] [INFO] Cfg: Enabled=1 T1W=1 T2W=1 OpW=0 TrackCount=2
2025-11-13 09:41:15 [Rotation] [INFO] Enter Opener
2025-11-13 09:41:15 [Rotation] [INFO] Init -> Phase=Opener Track=0
2025-11-13 09:54:23 [Rotation] [INFO] AutoEnable at Init: Watch present, force Enabled=1
2025-11-13 09:54:23 [Rotation] [INFO] Cfg: Enabled=1 T1W=1 T2W=1 OpW=0 TrackCount=2
2025-11-13 09:54:23 [Rotation] [INFO] Enter Opener
2025-11-13 09:54:23 [Rotation] [INFO] Init -> Phase=Opener Track=0
2025-11-13 10:25:03 [Rotation] [INFO] AutoEnable at Init: Watch present, force Enabled=1
2025-11-13 10:25:03 [Rotation] [INFO] Cfg: Enabled=1 T1W=1 T2W=1 OpW=0 TrackCount=2
2025-11-13 10:25:03 [Rotation] [INFO] Enter Opener
2025-11-13 10:25:03 [Rotation] [INFO] Init -> Phase=Opener Track=0
2025-11-13 10:32:23 [Rotation] [INFO] AutoEnable at Init: Watch present, force Enabled=1
2025-11-13 10:32:23 [Rotation] [INFO] Cfg: Enabled=1 T1W=1 T2W=1 OpW=0 TrackCount=2
2025-11-13 10:32:23 [Rotation] [INFO] Enter Opener
2025-11-13 10:32:23 [Rotation] [INFO] Init -> Phase=Opener Track=0
2025-11-13 10:37:54 [Rotation] [INFO] AutoEnable at Init: Watch present, force Enabled=1
2025-11-13 10:37:54 [Rotation] [INFO] Cfg: Enabled=1 T1W=1 T2W=1 OpW=0 TrackCount=2
2025-11-13 10:37:54 [Rotation] [INFO] Enter Opener
2025-11-13 10:37:54 [Rotation] [INFO] Init -> Phase=Opener Track=0
2025-11-13 10:44:22 [Rotation] [INFO] AutoEnable at Init: Watch present, force Enabled=1
2025-11-13 10:44:22 [Rotation] [INFO] Cfg: Enabled=1 T1W=1 T2W=1 OpW=0 TrackCount=2
2025-11-13 10:44:22 [Rotation] [INFO] Enter Opener
2025-11-13 10:44:22 [Rotation] [INFO] Init -> Phase=Opener Track=0
2025-11-13 11:00:12 [Rotation] [INFO] AutoEnable at Init: Watch present, force Enabled=1
2025-11-13 11:00:12 [Rotation] [INFO] Cfg: Enabled=1 T1W=1 T2W=1 OpW=0 TrackCount=2
2025-11-13 11:00:12 [Rotation] [INFO] Enter Opener
2025-11-13 11:00:12 [Rotation] [INFO] Init -> Phase=Opener Track=0
2025-11-13 11:00:16 [Rotation] [INFO] AutoEnable at Init: Watch present, force Enabled=1
2025-11-13 11:00:16 [Rotation] [INFO] Cfg: Enabled=1 T1W=1 T2W=1 OpW=0 TrackCount=2
2025-11-13 11:00:16 [Rotation] [INFO] Enter Opener
2025-11-13 11:00:16 [Rotation] [INFO] Init -> Phase=Opener Track=0
2025-11-13 11:01:03 [Rotation] [INFO] AutoEnable at Init: Watch present, force Enabled=1
2025-11-13 11:01:03 [Rotation] [INFO] Cfg: Enabled=1 T1W=1 T2W=1 OpW=0 TrackCount=2
2025-11-13 11:01:03 [Rotation] [INFO] Enter Opener
2025-11-13 11:01:04 [Rotation] [INFO] Init -> Phase=Opener Track=0
2025-11-13 11:09:10 [Rotation] [INFO] AutoEnable at Init: Watch present, force Enabled=1
2025-11-13 11:09:10 [Rotation] [INFO] Cfg: Enabled=1 T1W=1 T2W=1 OpW=0 TrackCount=2
2025-11-13 11:09:10 [Rotation] [INFO] Enter Opener
2025-11-13 11:09:10 [Rotation] [INFO] Init -> Phase=Opener Track=0
2025-11-13 11:09:38 [Rotation] [INFO] AutoEnable at Init: Watch present, force Enabled=1
2025-11-13 11:09:38 [Rotation] [INFO] Cfg: Enabled=1 T1W=1 T2W=1 OpW=0 TrackCount=2
2025-11-13 11:09:38 [Rotation] [INFO] Enter Opener
2025-11-13 11:09:38 [Rotation] [INFO] Init -> Phase=Opener Track=0
2025-11-13 11:15:19 [Rotation] [INFO] AutoEnable at Init: Watch present, force Enabled=1
2025-11-13 11:15:19 [Rotation] [INFO] Cfg: Enabled=1 T1W=1 T2W=1 OpW=0 TrackCount=2
2025-11-13 11:15:19 [Rotation] [INFO] Enter Opener
2025-11-13 11:15:19 [Rotation] [INFO] Init -> Phase=Opener Track=0
2025-11-13 11:19:17 [Rotation] [INFO] AutoEnable at Init: Watch present, force Enabled=1
2025-11-13 11:19:17 [Rotation] [INFO] Cfg: Enabled=1 T1W=1 T2W=1 OpW=0 TrackCount=2
2025-11-13 11:19:17 [Rotation] [INFO] Enter Opener
2025-11-13 11:19:17 [Rotation] [INFO] Init -> Phase=Opener Track=0
2025-11-13 11:19:21 [Rotation] [INFO] AutoEnable at Init: Watch present, force Enabled=1
2025-11-13 11:19:21 [Rotation] [INFO] Cfg: Enabled=1 T1W=1 T2W=1 OpW=0 TrackCount=2
2025-11-13 11:19:21 [Rotation] [INFO] Enter Opener
2025-11-13 11:19:21 [Rotation] [INFO] Init -> Phase=Opener Track=0
2025-11-13 11:19:42 [Rotation] [INFO] AutoEnable at Init: Watch present, force Enabled=1
2025-11-13 11:19:42 [Rotation] [INFO] Cfg: Enabled=1 T1W=1 T2W=1 OpW=0 TrackCount=2
2025-11-13 11:19:42 [Rotation] [INFO] Enter Opener
2025-11-13 11:19:42 [Rotation] [INFO] Init -> Phase=Opener Track=0
2025-11-13 11:19:50 [Rotation] [INFO] AutoEnable at Init: Watch present, force Enabled=1
2025-11-13 11:19:50 [Rotation] [INFO] Cfg: Enabled=1 T1W=1 T2W=1 OpW=0 TrackCount=2
2025-11-13 11:19:50 [Rotation] [INFO] Enter Opener
2025-11-13 11:19:50 [Rotation] [INFO] Init -> Phase=Opener Track=0
2025-11-13 11:19:58 [Rotation] [INFO] AutoEnable at Init: Watch present, force Enabled=1
2025-11-13 11:19:58 [Rotation] [INFO] Cfg: Enabled=1 T1W=1 T2W=1 OpW=0 TrackCount=2
2025-11-13 11:19:58 [Rotation] [INFO] Enter Opener
2025-11-13 11:19:58 [Rotation] [INFO] Init -> Phase=Opener Track=0
2025-11-13 11:28:29 [Rotation] [INFO] AutoEnable at Init: Watch present, force Enabled=1
2025-11-13 11:28:29 [Rotation] [INFO] Cfg: Enabled=1 T1W=1 T2W=1 OpW=0 TrackCount=2
2025-11-13 11:28:29 [Rotation] [INFO] Enter Opener
2025-11-13 11:28:29 [Rotation] [INFO] Init -> Phase=Opener Track=0
2025-11-13 11:28:41 [Rotation] [INFO] AutoEnable at Init: Watch present, force Enabled=1
2025-11-13 11:28:41 [Rotation] [INFO] Cfg: Enabled=1 T1W=1 T2W=1 OpW=0 TrackCount=2
2025-11-13 11:28:41 [Rotation] [INFO] Enter Opener
2025-11-13 11:28:41 [Rotation] [INFO] Init -> Phase=Opener Track=0
2025-11-13 11:28:53 [Rotation] [INFO] AutoEnable at Init: Watch present, force Enabled=1
2025-11-13 11:28:53 [Rotation] [INFO] Cfg: Enabled=1 T1W=1 T2W=1 OpW=0 TrackCount=2
2025-11-13 11:28:53 [Rotation] [INFO] Enter Opener
2025-11-13 11:28:53 [Rotation] [INFO] Init -> Phase=Opener Track=0
2025-11-13 11:29:04 [Rotation] [INFO] AutoEnable at Init: Watch present, force Enabled=1
2025-11-13 11:29:04 [Rotation] [INFO] Cfg: Enabled=1 T1W=1 T2W=1 OpW=0 TrackCount=2
2025-11-13 11:29:04 [Rotation] [INFO] Enter Opener
2025-11-13 11:29:04 [Rotation] [INFO] Init -> Phase=Opener Track=0
2025-11-13 11:44:53 [Rotation] [INFO] AutoEnable at Init: Watch present, force Enabled=1
2025-11-13 11:44:53 [Rotation] [INFO] Cfg: Enabled=1 T1W=1 T2W=1 OpW=0 TrackCount=2
2025-11-13 11:44:53 [Rotation] [INFO] Enter Opener
2025-11-13 11:44:53 [Rotation] [INFO] Init -> Phase=Opener Track=0
2025-11-13 11:45:04 [Rotation] [INFO] AutoEnable at Init: Watch present, force Enabled=1
2025-11-13 11:45:04 [Rotation] [INFO] Cfg: Enabled=1 T1W=1 T2W=1 OpW=0 TrackCount=2
2025-11-13 11:45:04 [Rotation] [INFO] Enter Opener
2025-11-13 11:45:04 [Rotation] [INFO] Init -> Phase=Opener Track=0
2025-11-13 11:48:51 [Rotation] [INFO] AutoEnable at Init: Watch present, force Enabled=1
2025-11-13 11:48:51 [Rotation] [INFO] Cfg: Enabled=1 T1W=1 T2W=1 OpW=0 TrackCount=2
2025-11-13 11:48:51 [Rotation] [INFO] Enter Opener
2025-11-13 11:48:51 [Rotation] [INFO] Init -> Phase=Opener Track=0
2025-11-13 11:48:58 [Rotation] [INFO] AutoEnable at Init: Watch present, force Enabled=1
2025-11-13 11:48:58 [Rotation] [INFO] Cfg: Enabled=1 T1W=1 T2W=1 OpW=0 TrackCount=2
2025-11-13 11:48:58 [Rotation] [INFO] Enter Opener
2025-11-13 11:48:58 [Rotation] [INFO] Init -> Phase=Opener Track=0
2025-11-13 13:37:09 [Rotation] [INFO] AutoEnable at Init: Watch present, force Enabled=1
2025-11-13 13:37:09 [Rotation] [INFO] Cfg: Enabled=1 T1W=1 T2W=1 OpW=0 TrackCount=2
2025-11-13 13:37:09 [Rotation] [INFO] Enter Opener
2025-11-13 13:37:09 [Rotation] [INFO] Init -> Phase=Opener Track=0
2025-11-13 13:46:30 [Rotation] [INFO] AutoEnable at Init: Watch present, force Enabled=1
2025-11-13 13:46:30 [Rotation] [INFO] Cfg: Enabled=1 T1W=1 T2W=1 OpW=0 TrackCount=2
2025-11-13 13:46:30 [Rotation] [INFO] Enter Opener
2025-11-13 13:46:31 [Rotation] [INFO] Init -> Phase=Opener Track=0
2025-11-13 16:57:12 [Rotation] [INFO] AutoEnable at Init: Watch present, force Enabled=1
2025-11-13 16:57:12 [Rotation] [INFO] Cfg: Enabled=1 T1W=1 T2W=1 OpW=0 TrackCount=2
2025-11-13 16:57:12 [Rotation] [INFO] Enter Opener
2025-11-13 16:57:12 [Rotation] [INFO] Init -> Phase=Opener Track=0
2025-11-14 08:42:43 [Rotation] [INFO] AutoEnable at Init: Watch present, force Enabled=1
2025-11-14 08:42:43 [Rotation] [INFO] Cfg: Enabled=1 T1W=1 T2W=1 OpW=0 TrackCount=2
2025-11-14 08:42:43 [Rotation] [INFO] Enter Opener
2025-11-14 08:42:43 [Rotation] [INFO] Init -> Phase=Opener Track=0
2025-11-14 08:55:00 [Rotation] [INFO] AutoEnable at Init: Watch present, force Enabled=1
2025-11-14 08:55:00 [Rotation] [INFO] Cfg: Enabled=1 T1W=1 T2W=1 OpW=0 TrackCount=2
2025-11-14 08:55:00 [Rotation] [INFO] Enter Opener
2025-11-14 08:55:00 [Rotation] [INFO] Init -> Phase=Opener Track=0
2025-11-14 09:20:20 [Rotation] [INFO] AutoEnable at Init: Watch present, force Enabled=1
2025-11-14 09:20:20 [Rotation] [INFO] Cfg: Enabled=1 T1W=1 T2W=1 OpW=0 TrackCount=2
2025-11-14 09:20:20 [Rotation] [INFO] Enter Opener
2025-11-14 09:20:20 [Rotation] [INFO] Init -> Phase=Opener Track=0
2025-11-14 09:27:01 [Rotation] [INFO] AutoEnable at Init: Watch present, force Enabled=1
2025-11-14 09:27:01 [Rotation] [INFO] Cfg: Enabled=1 T1W=1 T2W=0 OpW=0 TrackCount=1
2025-11-14 09:27:01 [Rotation] [INFO] Enter Opener
2025-11-14 09:27:01 [Rotation] [INFO] Init -> Phase=Opener Track=0
2025-11-14 09:39:33 [Rotation] [INFO] AutoEnable at Init: Watch present, force Enabled=1
2025-11-14 09:39:33 [Rotation] [INFO] Cfg: Enabled=1 T1W=1 T2W=0 OpW=0 TrackCount=1
2025-11-14 09:39:33 [Rotation] [INFO] Enter Opener
2025-11-14 09:39:33 [Rotation] [INFO] Init -> Phase=Opener Track=0
2025-11-14 10:02:20 [Rotation] [INFO] AutoEnable at Init: Watch present, force Enabled=1
2025-11-14 10:02:20 [Rotation] [INFO] Cfg: Enabled=1 T1W=1 T2W=0 OpW=0 TrackCount=1
2025-11-14 10:02:20 [Rotation] [INFO] Enter Opener
2025-11-14 10:02:20 [Rotation] [INFO] Init -> Phase=Opener Track=0
2025-11-14 10:38:50 [Rotation] [INFO] AutoEnable at Init: Watch present, force Enabled=1
2025-11-14 10:38:50 [Rotation] [INFO] Cfg: Enabled=1 T1W=1 T2W=0 OpW=0 TrackCount=1
2025-11-14 10:38:50 [Rotation] [INFO] Enter Opener
2025-11-14 10:38:50 [Rotation] [INFO] Init -> Phase=Opener Track=0
2025-11-14 11:15:51 [Rotation] [INFO] AutoEnable at Init: Watch present, force Enabled=1
2025-11-14 11:15:51 [Rotation] [INFO] Cfg: Enabled=1 T1W=1 T2W=0 OpW=0 TrackCount=1
2025-11-14 11:15:51 [Rotation] [INFO] Enter Opener
2025-11-14 11:15:51 [Rotation] [INFO] Init -> Phase=Opener Track=0
2025-11-14 11:18:24 [Rotation] [INFO] AutoEnable at Init: Watch present, force Enabled=1
2025-11-14 11:18:24 [Rotation] [INFO] Cfg: Enabled=1 T1W=1 T2W=0 OpW=0 TrackCount=1
2025-11-14 11:18:24 [Rotation] [INFO] Enter Opener
2025-11-14 11:18:24 [Rotation] [INFO] Init -> Phase=Opener Track=0
2025-11-14 14:05:26 [Rotation] [INFO] AutoEnable at Init: Watch present, force Enabled=1
2025-11-14 14:05:26 [Rotation] [INFO] Cfg: Enabled=1 T1W=1 T2W=0 OpW=0 TrackCount=1
2025-11-14 14:05:26 [Rotation] [INFO] Enter Opener
2025-11-14 14:05:26 [Rotation] [INFO] Init -> Phase=Opener Track=0
2025-11-14 14:07:32 [Rotation] [INFO] AutoEnable at Init: Watch present, force Enabled=1
2025-11-14 14:07:32 [Rotation] [INFO] Cfg: Enabled=1 T1W=1 T2W=0 OpW=0 TrackCount=1
2025-11-14 14:07:32 [Rotation] [INFO] Enter Opener
2025-11-14 14:07:32 [Rotation] [INFO] Init -> Phase=Opener Track=0
2025-11-14 14:07:52 [Rotation] [INFO] AutoEnable at Init: Watch present, force Enabled=1
2025-11-14 14:07:52 [Rotation] [INFO] Cfg: Enabled=1 T1W=1 T2W=0 OpW=0 TrackCount=1
2025-11-14 14:07:52 [Rotation] [INFO] Enter Opener
2025-11-14 14:07:52 [Rotation] [INFO] Init -> Phase=Opener Track=0
2025-11-14 14:09:22 [Rotation] [INFO] AutoEnable at Init: Watch present, force Enabled=1
2025-11-14 14:09:22 [Rotation] [INFO] Cfg: Enabled=1 T1W=1 T2W=0 OpW=0 TrackCount=1
2025-11-14 14:09:22 [Rotation] [INFO] Enter Opener
2025-11-14 14:09:22 [Rotation] [INFO] Init -> Phase=Opener Track=0
2025-11-14 14:10:32 [Rotation] [INFO] AutoEnable at Init: Watch present, force Enabled=1
2025-11-14 14:10:32 [Rotation] [INFO] Cfg: Enabled=1 T1W=1 T2W=0 OpW=0 TrackCount=1
2025-11-14 14:10:32 [Rotation] [INFO] Enter Opener
2025-11-14 14:10:32 [Rotation] [INFO] Init -> Phase=Opener Track=0
2025-11-14 14:10:41 [Rotation] [INFO] AutoEnable at Init: Watch present, force Enabled=1
2025-11-14 14:10:41 [Rotation] [INFO] Cfg: Enabled=1 T1W=1 T2W=0 OpW=0 TrackCount=1
2025-11-14 14:10:41 [Rotation] [INFO] Enter Opener
2025-11-14 14:10:41 [Rotation] [INFO] Init -> Phase=Opener Track=0
2025-11-14 14:12:40 [Rotation] [INFO] Skip init (already initialized)
2025-11-14 14:12:41 [Rotation] [INFO] Enter Track#1
2025-11-14 14:12:41 [Rotation] [INFO] Opener(Steps) timeout -> Track#1
2025-11-14 14:12:41 [Rotation] [INFO] Track#1 filter=AllowSkills count=1
2025-11-14 14:12:41 [Rotation] [INFO] Track#1 filter=AllowSkills count=1
2025-11-14 14:12:41 [Rotation] [INFO] Track#1 filter=AllowSkills count=1
2025-11-14 14:12:41 [Rotation] [INFO] Track#1 filter=AllowSkills count=1
2025-11-14 14:12:42 [Rotation] [INFO] Track#1 filter=AllowSkills count=1
2025-11-14 14:12:42 [Rotation] [INFO] Track#1 filter=AllowSkills count=1
2025-11-14 14:12:42 [Rotation] [INFO] Track#1 filter=AllowSkills count=1
2025-11-14 14:12:42 [Rotation] [INFO] Track#1 filter=AllowSkills count=1
2025-11-14 14:12:42 [Rotation] [INFO] Track#1 filter=AllowSkills count=1
2025-11-14 14:12:42 [Rotation] [INFO] Track#1 filter=AllowSkills count=1
2025-11-14 14:12:42 [Rotation] [INFO] Track#1 filter=AllowSkills count=1
2025-11-14 14:12:42 [Rotation] [INFO] Track#1 filter=AllowSkills count=1
2025-11-14 14:12:42 [Rotation] [INFO] Track#1 filter=AllowSkills count=1
2025-11-14 14:12:42 [Rotation] [INFO] Track#1 filter=AllowSkills count=1
2025-11-14 14:12:42 [Rotation] [INFO] Track#1 filter=AllowSkills count=1
2025-11-14 14:12:42 [Rotation] [INFO] Track#1 filter=AllowSkills count=1
2025-11-14 14:12:42 [Rotation] [INFO] Track#1 filter=AllowSkills count=1
2025-11-14 14:12:42 [Rotation] [INFO] Track#1 filter=AllowSkills count=1
2025-11-14 14:12:42 [Rotation] [INFO] Track#1 filter=AllowSkills count=1
2025-11-14 14:12:42 [Rotation] [INFO] Track#1 filter=AllowSkills count=1
2025-11-14 14:12:42 [Rotation] [INFO] Track#1 filter=AllowSkills count=1
2025-11-14 14:12:42 [Rotation] [INFO] Track#1 filter=AllowSkills count=1
2025-11-14 14:12:42 [Rotation] [INFO] Track#1 filter=AllowSkills count=1
2025-11-14 14:12:42 [Rotation] [INFO] Track#1 filter=AllowSkills count=1
2025-11-14 14:12:42 [Rotation] [INFO] Track#1 filter=AllowSkills count=1
2025-11-14 14:12:42 [Rotation] [INFO] Track#1 filter=AllowSkills count=1
2025-11-14 14:12:42 [Rotation] [INFO] Track#1 filter=AllowSkills count=1
2025-11-14 14:12:42 [Rotation] [INFO] Track#1 filter=AllowSkills count=1
2025-11-14 14:12:42 [Rotation] [INFO] Track#1 filter=AllowSkills count=1
2025-11-14 14:12:42 [Rotation] [INFO] Track#1 filter=AllowSkills count=1
2025-11-14 14:12:42 [Rotation] [INFO] Track#1 filter=AllowSkills count=1
2025-11-14 14:12:42 [Rotation] [INFO] Track#1 filter=AllowSkills count=1
2025-11-14 14:12:42 [Rotation] [INFO] Track#1 filter=AllowSkills count=1
2025-11-14 14:12:42 [Rotation] [INFO] Track#1 filter=AllowSkills count=1
2025-11-14 14:12:42 [Rotation] [INFO] Track#1 filter=AllowSkills count=1
2025-11-14 14:12:43 [Rotation] [INFO] Track#1 filter=AllowSkills count=1
2025-11-14 14:12:43 [Rotation] [INFO] Track#1 filter=AllowSkills count=1
2025-11-14 14:13:51 [Rotation] [INFO] AutoEnable at Init: Watch present, force Enabled=1
2025-11-14 14:13:51 [Rotation] [INFO] Cfg: Enabled=1 T1W=1 T2W=0 OpW=0 TrackCount=1
2025-11-14 14:13:51 [Rotation] [INFO] Enter Opener
2025-11-14 14:13:51 [Rotation] [INFO] Init -> Phase=Opener Track=0
2025-11-14 14:15:09 [Rotation] [INFO] Skip init (already initialized)
2025-11-14 14:15:09 [Rotation] [INFO] Enter Track#1
2025-11-14 14:15:09 [Rotation] [INFO] Opener(Steps) timeout -> Track#1
2025-11-14 14:15:09 [Rotation] [INFO] Track#1 filter=AllowSkills count=1
2025-11-14 14:15:10 [Rotation] [INFO] Track#1 filter=AllowSkills count=1
2025-11-14 14:15:10 [Rotation] [INFO] Track#1 filter=AllowSkills count=1
2025-11-14 14:15:10 [Rotation] [INFO] Track#1 filter=AllowSkills count=1
2025-11-14 14:15:10 [Rotation] [INFO] Track#1 filter=AllowSkills count=1
2025-11-14 14:15:10 [Rotation] [INFO] Track#1 filter=AllowSkills count=1
2025-11-14 14:15:10 [Rotation] [INFO] Track#1 filter=AllowSkills count=1
2025-11-14 14:15:10 [Rotation] [INFO] Track#1 filter=AllowSkills count=1
2025-11-14 14:15:10 [Rotation] [INFO] Track#1 filter=AllowSkills count=1
2025-11-14 14:15:10 [Rotation] [INFO] Track#1 filter=AllowSkills count=1
2025-11-14 14:15:10 [Rotation] [INFO] Track#1 filter=AllowSkills count=1
2025-11-14 14:15:10 [Rotation] [INFO] Track#1 filter=AllowSkills count=1
2025-11-14 14:15:10 [Rotation] [INFO] Track#1 filter=AllowSkills count=1
2025-11-14 14:15:10 [Rotation] [INFO] Track#1 filter=AllowSkills count=1
2025-11-14 14:15:10 [Rotation] [INFO] Track#1 filter=AllowSkills count=1
2025-11-14 14:15:10 [Rotation] [INFO] Track#1 filter=AllowSkills count=1
2025-11-14 14:15:10 [Rotation] [INFO] Track#1 filter=AllowSkills count=1
2025-11-14 14:15:10 [Rotation] [INFO] Track#1 filter=AllowSkills count=1
2025-11-14 14:15:10 [Rotation] [INFO] Track#1 filter=AllowSkills count=1
2025-11-14 14:15:10 [Rotation] [INFO] Track#1 filter=AllowSkills count=1
2025-11-14 14:15:10 [Rotation] [INFO] Track#1 filter=AllowSkills count=1
2025-11-14 14:15:10 [Rotation] [INFO] Track#1 filter=AllowSkills count=1
2025-11-14 14:15:10 [Rotation] [INFO] Track#1 filter=AllowSkills count=1
2025-11-14 14:15:11 [Rotation] [INFO] Track#1 filter=AllowSkills count=1
2025-11-14 14:15:11 [Rotation] [INFO] Track#1 filter=AllowSkills count=1
2025-11-14 14:15:11 [Rotation] [INFO] Track#1 filter=AllowSkills count=1
2025-11-14 14:15:11 [Rotation] [INFO] Track#1 filter=AllowSkills count=1
2025-11-14 14:15:11 [Rotation] [INFO] Track#1 filter=AllowSkills count=1
2025-11-14 14:15:11 [Rotation] [INFO] Track#1 filter=AllowSkills count=1
2025-11-14 14:15:11 [Rotation] [INFO] Track#1 filter=AllowSkills count=1
2025-11-14 14:15:11 [Rotation] [INFO] Track#1 filter=AllowSkills count=1
2025-11-14 14:15:11 [Rotation] [INFO] Track#1 filter=AllowSkills count=1
2025-11-14 14:15:11 [Rotation] [INFO] Track#1 filter=AllowSkills count=1
2025-11-14 14:15:11 [Rotation] [INFO] Track#1 filter=AllowSkills count=1
2025-11-14 14:15:11 [Rotation] [INFO] Track#1 filter=AllowSkills count=1
2025-11-14 14:15:11 [Rotation] [INFO] Track#1 filter=AllowSkills count=1
2025-11-14 14:15:11 [Rotation] [INFO] Track#1 filter=AllowSkills count=1
2025-11-14 14:15:11 [Rotation] [INFO] Track#1 filter=AllowSkills count=1
2025-11-14 14:15:11 [Rotation] [INFO] Track#1 filter=AllowSkills count=1
2025-11-14 14:15:11 [Rotation] [INFO] Track#1 filter=AllowSkills count=1
2025-11-14 14:15:11 [Rotation] [INFO] Track#1 filter=AllowSkills count=1
2025-11-14 14:15:11 [Rotation] [INFO] Track#1 filter=AllowSkills count=1
2025-11-14 14:15:11 [Rotation] [INFO] Track#1 filter=AllowSkills count=1
2025-11-14 14:15:11 [Rotation] [INFO] Track#1 filter=AllowSkills count=1
2025-11-14 14:15:11 [Rotation] [INFO] Track#1 filter=AllowSkills count=1
2025-11-14 14:15:11 [Rotation] [INFO] Track#1 filter=AllowSkills count=1
2025-11-14 14:15:11 [Rotation] [INFO] Track#1 filter=AllowSkills count=1
2025-11-14 14:15:11 [Rotation] [INFO] Track#1 filter=AllowSkills count=1
2025-11-14 14:15:11 [Rotation] [INFO] Track#1 filter=AllowSkills count=1
2025-11-14 14:15:11 [Rotation] [INFO] Track#1 filter=AllowSkills count=1
2025-11-14 14:15:12 [Rotation] [INFO] Track#1 filter=AllowSkills count=1
2025-11-14 14:15:12 [Rotation] [INFO] Track#1 filter=AllowSkills count=1
2025-11-14 14:15:12 [Rotation] [INFO] Track#1 filter=AllowSkills count=1
2025-11-14 14:15:12 [Rotation] [INFO] Track#1 filter=AllowSkills count=1
2025-11-14 14:15:12 [Rotation] [INFO] Track#1 filter=AllowSkills count=1
2025-11-14 14:15:12 [Rotation] [INFO] Track#1 filter=AllowSkills count=1
2025-11-14 14:15:12 [Rotation] [INFO] Track#1 filter=AllowSkills count=1
2025-11-14 14:15:12 [Rotation] [INFO] Track#1 filter=AllowSkills count=1
2025-11-14 14:15:12 [Rotation] [INFO] Track#1 filter=AllowSkills count=1
2025-11-14 14:25:36 [Rotation] [INFO] AutoEnable at Init: Watch present, force Enabled=1
2025-11-14 14:25:36 [Rotation] [INFO] Cfg: Enabled=1 T1W=1 T2W=0 OpW=0 TrackCount=1
2025-11-14 14:25:36 [Rotation] [INFO] Enter Opener
2025-11-14 14:25:36 [Rotation] [INFO] Init -> Phase=Opener Track=0
2025-11-14 14:25:53 [Rotation] [INFO] AutoEnable at Init: Watch present, force Enabled=1
2025-11-14 14:25:53 [Rotation] [INFO] Cfg: Enabled=1 T1W=1 T2W=0 OpW=0 TrackCount=1
2025-11-14 14:25:53 [Rotation] [INFO] Enter Opener
2025-11-14 14:25:53 [Rotation] [INFO] Init -> Phase=Opener Track=0
2025-11-14 14:32:31 [Rotation] [INFO] AutoEnable at Init: Watch present, force Enabled=1
2025-11-14 14:32:31 [Rotation] [INFO] Cfg: Enabled=1 T1W=1 T2W=0 OpW=0 TrackCount=1
2025-11-14 14:32:31 [Rotation] [INFO] Enter Opener
2025-11-14 14:32:31 [Rotation] [INFO] Init -> Phase=Opener Track=0
2025-11-14 14:32:52 [Rotation] [INFO] AutoEnable at Init: Watch present, force Enabled=1
2025-11-14 14:32:52 [Rotation] [INFO] Cfg: Enabled=1 T1W=1 T2W=0 OpW=0 TrackCount=1
2025-11-14 14:32:52 [Rotation] [INFO] Enter Opener
2025-11-14 14:32:52 [Rotation] [INFO] Init -> Phase=Opener Track=0
2025-11-14 14:33:07 [Rotation] [INFO] AutoEnable at Init: Watch present, force Enabled=1
2025-11-14 14:33:07 [Rotation] [INFO] Cfg: Enabled=1 T1W=1 T2W=0 OpW=0 TrackCount=1
2025-11-14 14:33:07 [Rotation] [INFO] Enter Opener
2025-11-14 14:33:07 [Rotation] [INFO] Init -> Phase=Opener Track=0
2025-11-14 14:34:41 [Rotation] [INFO] AutoEnable at Init: Watch present, force Enabled=1
2025-11-14 14:34:41 [Rotation] [INFO] Cfg: Enabled=1 T1W=1 T2W=0 OpW=0 TrackCount=1
2025-11-14 14:34:41 [Rotation] [INFO] Enter Opener
2025-11-14 14:34:41 [Rotation] [INFO] Init -> Phase=Opener Track=0
2025-11-14 14:35:11 [Rotation] [INFO] AutoEnable at Init: Watch present, force Enabled=1
2025-11-14 14:35:11 [Rotation] [INFO] Cfg: Enabled=1 T1W=1 T2W=0 OpW=0 TrackCount=1
2025-11-14 14:35:11 [Rotation] [INFO] Enter Opener
2025-11-14 14:35:11 [Rotation] [INFO] Init -> Phase=Opener Track=0
2025-11-14 14:42:47 [Rotation] [INFO] AutoEnable at Init: Watch present, force Enabled=1
2025-11-14 14:42:47 [Rotation] [INFO] Cfg: Enabled=1 T1W=1 T2W=0 OpW=0 TrackCount=1
2025-11-14 14:42:47 [Rotation] [INFO] Enter Opener
2025-11-14 14:42:47 [Rotation] [INFO] Init -> Phase=Opener Track=0
2025-11-14 14:42:58 [Rotation] [INFO] AutoEnable at Init: Watch present, force Enabled=1
2025-11-14 14:42:58 [Rotation] [INFO] Cfg: Enabled=1 T1W=1 T2W=0 OpW=0 TrackCount=1
2025-11-14 14:42:58 [Rotation] [INFO] Enter Opener
2025-11-14 14:42:58 [Rotation] [INFO] Init -> Phase=Opener Track=0
2025-11-14 14:43:02 [Rotation] [INFO] AutoEnable at Init: Watch present, force Enabled=1
2025-11-14 14:43:02 [Rotation] [INFO] Cfg: Enabled=1 T1W=1 T2W=0 OpW=0 TrackCount=1
2025-11-14 14:43:02 [Rotation] [INFO] Enter Opener
2025-11-14 14:43:02 [Rotation] [INFO] Init -> Phase=Opener Track=0
2025-11-14 14:43:13 [Rotation] [INFO] AutoEnable at Init: Watch present, force Enabled=1
2025-11-14 14:43:13 [Rotation] [INFO] Cfg: Enabled=1 T1W=1 T2W=0 OpW=0 TrackCount=1
2025-11-14 14:43:13 [Rotation] [INFO] Enter Opener
2025-11-14 14:43:13 [Rotation] [INFO] Init -> Phase=Opener Track=0
2025-11-14 14:43:27 [Rotation] [INFO] AutoEnable at Init: Watch present, force Enabled=1
2025-11-14 14:43:27 [Rotation] [INFO] Cfg: Enabled=1 T1W=1 T2W=0 OpW=0 TrackCount=1
2025-11-14 14:43:27 [Rotation] [INFO] Enter Opener
2025-11-14 14:43:27 [Rotation] [INFO] Init -> Phase=Opener Track=0
2025-11-14 14:48:31 [Rotation] [INFO] AutoEnable at Init: Watch present, force Enabled=1
2025-11-14 14:48:31 [Rotation] [INFO] Cfg: Enabled=1 T1W=1 T2W=0 OpW=0 TrackCount=1
2025-11-14 14:48:31 [Rotation] [INFO] Enter Opener
2025-11-14 14:48:31 [Rotation] [INFO] Init -> Phase=Opener Track=0
2025-11-14 14:48:38 [Rotation] [INFO] AutoEnable at Init: Watch present, force Enabled=1
2025-11-14 14:48:38 [Rotation] [INFO] Cfg: Enabled=1 T1W=1 T2W=0 OpW=0 TrackCount=1
2025-11-14 14:48:38 [Rotation] [INFO] Enter Opener
2025-11-14 14:48:38 [Rotation] [INFO] Init -> Phase=Opener Track=0
2025-11-14 14:48:42 [Rotation] [INFO] AutoEnable at Init: Watch present, force Enabled=1
2025-11-14 14:48:42 [Rotation] [INFO] Cfg: Enabled=1 T1W=1 T2W=0 OpW=0 TrackCount=1
2025-11-14 14:48:42 [Rotation] [INFO] Enter Opener
2025-11-14 14:48:42 [Rotation] [INFO] Init -> Phase=Opener Track=0
2025-11-14 14:48:50 [Rotation] [INFO] AutoEnable at Init: Watch present, force Enabled=1
2025-11-14 14:48:50 [Rotation] [INFO] Cfg: Enabled=1 T1W=1 T2W=0 OpW=0 TrackCount=1
2025-11-14 14:48:50 [Rotation] [INFO] Enter Opener
2025-11-14 14:48:50 [Rotation] [INFO] Init -> Phase=Opener Track=0
2025-11-14 14:48:52 [Rotation] [INFO] AutoEnable at Init: Watch present, force Enabled=1
2025-11-14 14:48:52 [Rotation] [INFO] Cfg: Enabled=1 T1W=1 T2W=0 OpW=0 TrackCount=1
2025-11-14 14:48:52 [Rotation] [INFO] Enter Opener
2025-11-14 14:48:52 [Rotation] [INFO] Init -> Phase=Opener Track=0
2025-11-14 14:49:49 [Rotation] [INFO] AutoEnable at Init: Watch present, force Enabled=1
2025-11-14 14:49:49 [Rotation] [INFO] Cfg: Enabled=1 T1W=1 T2W=0 OpW=0 TrackCount=1
2025-11-14 14:49:49 [Rotation] [INFO] Enter Opener
2025-11-14 14:49:49 [Rotation] [INFO] Init -> Phase=Opener Track=0
2025-11-14 14:57:31 [Rotation] [INFO] AutoEnable at Init: Watch present, force Enabled=1
2025-11-14 14:57:31 [Rotation] [INFO] Cfg: Enabled=1 T1W=1 T2W=0 OpW=0 TrackCount=1
2025-11-14 14:57:31 [Rotation] [INFO] Enter Opener
2025-11-14 14:57:31 [Rotation] [INFO] Init -> Phase=Opener Track=0
2025-11-14 14:58:31 [Rotation] [INFO] AutoEnable at Init: Watch present, force Enabled=1
2025-11-14 14:58:31 [Rotation] [INFO] Cfg: Enabled=1 T1W=1 T2W=0 OpW=0 TrackCount=1
2025-11-14 14:58:31 [Rotation] [INFO] Enter Opener
2025-11-14 14:58:32 [Rotation] [INFO] Init -> Phase=Opener Track=0
2025-11-14 15:00:02 [Rotation] [INFO] AutoEnable at Init: Watch present, force Enabled=1
2025-11-14 15:00:02 [Rotation] [INFO] Cfg: Enabled=1 T1W=1 T2W=0 OpW=0 TrackCount=1
2025-11-14 15:00:02 [Rotation] [INFO] Enter Opener
2025-11-14 15:00:02 [Rotation] [INFO] Init -> Phase=Opener Track=0
2025-11-14 15:00:36 [Rotation] [INFO] AutoEnable at Init: Watch present, force Enabled=1
2025-11-14 15:00:36 [Rotation] [INFO] Cfg: Enabled=1 T1W=1 T2W=0 OpW=0 TrackCount=1
2025-11-14 15:00:37 [Rotation] [INFO] Enter Opener
2025-11-14 15:00:37 [Rotation] [INFO] Init -> Phase=Opener Track=0
2025-11-14 15:02:26 [Rotation] [INFO] AutoEnable at Init: Watch present, force Enabled=1
2025-11-14 15:02:26 [Rotation] [INFO] Cfg: Enabled=1 T1W=1 T2W=0 OpW=0 TrackCount=1
2025-11-14 15:02:26 [Rotation] [INFO] Enter Opener
2025-11-14 15:02:26 [Rotation] [INFO] Init -> Phase=Opener Track=0
2025-11-14 15:02:54 [Rotation] [INFO] AutoEnable at Init: Watch present, force Enabled=1
2025-11-14 15:02:54 [Rotation] [INFO] Cfg: Enabled=1 T1W=1 T2W=0 OpW=0 TrackCount=1
2025-11-14 15:02:54 [Rotation] [INFO] Enter Opener
2025-11-14 15:02:54 [Rotation] [INFO] Init -> Phase=Opener Track=0
2025-11-14 15:03:54 [Rotation] [INFO] AutoEnable at Init: Watch present, force Enabled=1
2025-11-14 15:03:54 [Rotation] [INFO] Cfg: Enabled=1 T1W=1 T2W=0 OpW=0 TrackCount=1
2025-11-14 15:03:54 [Rotation] [INFO] Enter Opener
2025-11-14 15:03:54 [Rotation] [INFO] Init -> Phase=Opener Track=0
2025-11-14 15:04:57 [Rotation] [INFO] AutoEnable at Init: Watch present, force Enabled=1
2025-11-14 15:04:57 [Rotation] [INFO] Cfg: Enabled=1 T1W=1 T2W=0 OpW=0 TrackCount=1
2025-11-14 15:04:57 [Rotation] [INFO] Enter Opener
2025-11-14 15:04:57 [Rotation] [INFO] Init -> Phase=Opener Track=0
2025-11-14 15:05:51 [Rotation] [INFO] AutoEnable at Init: Watch present, force Enabled=1
2025-11-14 15:05:51 [Rotation] [INFO] Cfg: Enabled=1 T1W=1 T2W=0 OpW=0 TrackCount=1
2025-11-14 15:05:51 [Rotation] [INFO] Enter Opener
2025-11-14 15:05:51 [Rotation] [INFO] Init -> Phase=Opener Track=0
2025-11-14 15:07:26 [Rotation] [INFO] AutoEnable at Init: Watch present, force Enabled=1
2025-11-14 15:07:26 [Rotation] [INFO] Cfg: Enabled=1 T1W=1 T2W=0 OpW=0 TrackCount=1
2025-11-14 15:07:26 [Rotation] [INFO] Enter Opener
2025-11-14 15:07:26 [Rotation] [INFO] Init -> Phase=Opener Track=0
2025-11-14 15:07:53 [Rotation] [INFO] AutoEnable at Init: Watch present, force Enabled=1
2025-11-14 15:07:53 [Rotation] [INFO] Cfg: Enabled=1 T1W=1 T2W=0 OpW=0 TrackCount=1
2025-11-14 15:07:53 [Rotation] [INFO] Enter Opener
2025-11-14 15:07:53 [Rotation] [INFO] Init -> Phase=Opener Track=0
2025-11-14 15:10:40 [Rotation] [INFO] AutoEnable at Init: Watch present, force Enabled=1
2025-11-14 15:10:40 [Rotation] [INFO] Cfg: Enabled=1 T1W=1 T2W=0 OpW=0 TrackCount=1
2025-11-14 15:10:40 [Rotation] [INFO] Enter Opener
2025-11-14 15:10:40 [Rotation] [INFO] Init -> Phase=Opener Track=0
2025-11-14 15:11:09 [Rotation] [INFO] AutoEnable at Init: Watch present, force Enabled=1
2025-11-14 15:11:09 [Rotation] [INFO] Cfg: Enabled=1 T1W=1 T2W=0 OpW=0 TrackCount=1
2025-11-14 15:11:09 [Rotation] [INFO] Enter Opener
2025-11-14 15:11:09 [Rotation] [INFO] Init -> Phase=Opener Track=0
2025-11-14 15:11:52 [Rotation] [INFO] AutoEnable at Init: Watch present, force Enabled=1
2025-11-14 15:11:52 [Rotation] [INFO] Cfg: Enabled=1 T1W=1 T2W=0 OpW=0 TrackCount=1
2025-11-14 15:11:52 [Rotation] [INFO] Enter Opener
2025-11-14 15:11:52 [Rotation] [INFO] Init -> Phase=Opener Track=0
2025-11-14 15:13:25 [Rotation] [INFO] AutoEnable at Init: Watch present, force Enabled=1
2025-11-14 15:13:25 [Rotation] [INFO] Cfg: Enabled=1 T1W=1 T2W=0 OpW=0 TrackCount=1
2025-11-14 15:13:25 [Rotation] [INFO] Enter Opener
2025-11-14 15:13:25 [Rotation] [INFO] Init -> Phase=Opener Track=0
2025-11-14 15:14:32 [Rotation] [INFO] AutoEnable at Init: Watch present, force Enabled=1
2025-11-14 15:14:32 [Rotation] [INFO] Cfg: Enabled=1 T1W=1 T2W=0 OpW=0 TrackCount=1
2025-11-14 15:14:32 [Rotation] [INFO] Enter Opener
2025-11-14 15:14:32 [Rotation] [INFO] Init -> Phase=Opener Track=0
2025-11-14 15:16:17 [Rotation] [INFO] AutoEnable at Init: Watch present, force Enabled=1
2025-11-14 15:16:17 [Rotation] [INFO] Cfg: Enabled=1 T1W=1 T2W=0 OpW=0 TrackCount=1
2025-11-14 15:16:17 [Rotation] [INFO] Enter Opener
2025-11-14 15:16:17 [Rotation] [INFO] Init -> Phase=Opener Track=0
2025-11-14 15:17:40 [Rotation] [INFO] AutoEnable at Init: Watch present, force Enabled=1
2025-11-14 15:17:40 [Rotation] [INFO] Cfg: Enabled=1 T1W=1 T2W=0 OpW=0 TrackCount=1
2025-11-14 15:17:40 [Rotation] [INFO] Enter Opener
2025-11-14 15:17:40 [Rotation] [INFO] Init -> Phase=Opener Track=0
2025-11-14 15:18:20 [Rotation] [INFO] AutoEnable at Init: Watch present, force Enabled=1
2025-11-14 15:18:20 [Rotation] [INFO] Cfg: Enabled=1 T1W=1 T2W=0 OpW=0 TrackCount=1
2025-11-14 15:18:20 [Rotation] [INFO] Enter Opener
2025-11-14 15:18:20 [Rotation] [INFO] Init -> Phase=Opener Track=0
2025-11-14 15:19:25 [Rotation] [INFO] AutoEnable at Init: Watch present, force Enabled=1
2025-11-14 15:19:25 [Rotation] [INFO] Cfg: Enabled=1 T1W=1 T2W=0 OpW=0 TrackCount=1
2025-11-14 15:19:25 [Rotation] [INFO] Enter Opener
2025-11-14 15:19:25 [Rotation] [INFO] Init -> Phase=Opener Track=0
2025-11-14 15:20:54 [Rotation] [INFO] AutoEnable at Init: Watch present, force Enabled=1
2025-11-14 15:20:54 [Rotation] [INFO] Cfg: Enabled=1 T1W=1 T2W=0 OpW=0 TrackCount=1
2025-11-14 15:20:54 [Rotation] [INFO] Enter Opener
2025-11-14 15:20:54 [Rotation] [INFO] Init -> Phase=Opener Track=0
2025-11-14 15:25:02 [Rotation] [INFO] AutoEnable at Init: Watch present, force Enabled=1
2025-11-14 15:25:02 [Rotation] [INFO] Cfg: Enabled=1 T1W=1 T2W=0 OpW=0 TrackCount=1
2025-11-14 15:25:02 [Rotation] [INFO] Enter Opener
2025-11-14 15:25:02 [Rotation] [INFO] Init -> Phase=Opener Track=0
2025-11-14 15:26:54 [Rotation] [INFO] AutoEnable at Init: Watch present, force Enabled=1
2025-11-14 15:26:54 [Rotation] [INFO] Cfg: Enabled=1 T1W=1 T2W=0 OpW=0 TrackCount=1
2025-11-14 15:26:54 [Rotation] [INFO] Enter Opener
2025-11-14 15:26:54 [Rotation] [INFO] Init -> Phase=Opener Track=0
2025-11-14 15:28:04 [Rotation] [INFO] AutoEnable at Init: Watch present, force Enabled=1
2025-11-14 15:28:04 [Rotation] [INFO] Cfg: Enabled=1 T1W=1 T2W=0 OpW=0 TrackCount=1
2025-11-14 15:28:04 [Rotation] [INFO] Enter Opener
2025-11-14 15:28:04 [Rotation] [INFO] Init -> Phase=Opener Track=0
2025-11-14 15:28:28 [Rotation] [INFO] AutoEnable at Init: Watch present, force Enabled=1
2025-11-14 15:28:28 [Rotation] [INFO] Cfg: Enabled=1 T1W=1 T2W=0 OpW=0 TrackCount=1
2025-11-14 15:28:28 [Rotation] [INFO] Enter Opener
2025-11-14 15:28:28 [Rotation] [INFO] Init -> Phase=Opener Track=0
2025-11-14 15:31:15 [Rotation] [INFO] AutoEnable at Init: Watch present, force Enabled=1
2025-11-14 15:31:15 [Rotation] [INFO] Cfg: Enabled=1 T1W=1 T2W=0 OpW=0 TrackCount=1
2025-11-14 15:31:15 [Rotation] [INFO] Enter Opener
2025-11-14 15:31:15 [Rotation] [INFO] Init -> Phase=Opener Track=0
2025-11-14 15:39:04 [Rotation] [INFO] AutoEnable at Init: Watch present, force Enabled=1
2025-11-14 15:39:04 [Rotation] [INFO] Cfg: Enabled=1 T1W=1 T2W=0 OpW=0 TrackCount=1
2025-11-14 15:39:04 [Rotation] [INFO] Enter Opener
2025-11-14 15:39:04 [Rotation] [INFO] Init -> Phase=Opener Track=0
2025-11-14 15:42:38 [Rotation] [INFO] AutoEnable at Init: Watch present, force Enabled=1
2025-11-14 15:42:38 [Rotation] [INFO] Cfg: Enabled=1 T1W=1 T2W=0 OpW=0 TrackCount=1
2025-11-14 15:42:38 [Rotation] [INFO] Enter Opener
2025-11-14 15:42:38 [Rotation] [INFO] Init -> Phase=Opener Track=0
2025-11-14 15:47:31 [Rotation] [INFO] AutoEnable at Init: Watch present, force Enabled=1
2025-11-14 15:47:31 [Rotation] [INFO] Cfg: Enabled=1 T1W=1 T2W=0 OpW=0 TrackCount=1
2025-11-14 15:47:31 [Rotation] [INFO] Enter Opener
2025-11-14 15:47:31 [Rotation] [INFO] Init -> Phase=Opener Track=0
2025-11-14 15:48:45 [Rotation] [INFO] AutoEnable at Init: Watch present, force Enabled=1
2025-11-14 15:48:45 [Rotation] [INFO] Cfg: Enabled=1 T1W=1 T2W=0 OpW=0 TrackCount=1
2025-11-14 15:48:45 [Rotation] [INFO] Enter Opener
2025-11-14 15:48:45 [Rotation] [INFO] Init -> Phase=Opener Track=0
2025-11-14 15:51:24 [Rotation] [INFO] AutoEnable at Init: Watch present, force Enabled=1
2025-11-14 15:51:24 [Rotation] [INFO] Cfg: Enabled=1 T1W=1 T2W=0 OpW=0 TrackCount=1
2025-11-14 15:51:24 [Rotation] [INFO] Enter Opener
2025-11-14 15:51:24 [Rotation] [INFO] Init -> Phase=Opener Track=0
2025-11-14 15:52:17 [Rotation] [INFO] AutoEnable at Init: Watch present, force Enabled=1
2025-11-14 15:52:17 [Rotation] [INFO] Cfg: Enabled=1 T1W=1 T2W=0 OpW=0 TrackCount=1
2025-11-14 15:52:17 [Rotation] [INFO] Enter Opener
2025-11-14 15:52:17 [Rotation] [INFO] Init -> Phase=Opener Track=0
2025-11-14 15:52:45 [Rotation] [INFO] AutoEnable at Init: Watch present, force Enabled=1
2025-11-14 15:52:45 [Rotation] [INFO] Cfg: Enabled=1 T1W=1 T2W=0 OpW=0 TrackCount=1
2025-11-14 15:52:45 [Rotation] [INFO] Enter Opener
2025-11-14 15:52:45 [Rotation] [INFO] Init -> Phase=Opener Track=0
2025-11-14 15:53:25 [Rotation] [INFO] AutoEnable at Init: Watch present, force Enabled=1
2025-11-14 15:53:25 [Rotation] [INFO] Cfg: Enabled=1 T1W=1 T2W=0 OpW=0 TrackCount=1
2025-11-14 15:53:25 [Rotation] [INFO] Enter Opener
2025-11-14 15:53:25 [Rotation] [INFO] Init -> Phase=Opener Track=0
2025-11-14 15:54:38 [Rotation] [INFO] AutoEnable at Init: Watch present, force Enabled=1
2025-11-14 15:54:38 [Rotation] [INFO] Cfg: Enabled=1 T1W=1 T2W=0 OpW=0 TrackCount=1
2025-11-14 15:54:38 [Rotation] [INFO] Enter Opener
2025-11-14 15:54:38 [Rotation] [INFO] Init -> Phase=Opener Track=0
2025-11-14 15:59:02 [Rotation] [INFO] AutoEnable at Init: Watch present, force Enabled=1
2025-11-14 15:59:02 [Rotation] [INFO] Cfg: Enabled=1 T1W=1 T2W=0 OpW=0 TrackCount=1
2025-11-14 15:59:02 [Rotation] [INFO] Enter Opener
2025-11-14 15:59:02 [Rotation] [INFO] Init -> Phase=Opener Track=0
2025-11-14 16:02:41 [Rotation] [INFO] AutoEnable at Init: Watch present, force Enabled=1
2025-11-14 16:02:41 [Rotation] [INFO] Cfg: Enabled=1 T1W=1 T2W=0 OpW=0 TrackCount=1
2025-11-14 16:02:41 [Rotation] [INFO] Enter Opener
2025-11-14 16:02:41 [Rotation] [INFO] Init -> Phase=Opener Track=0
2025-11-14 16:03:10 [Rotation] [INFO] AutoEnable at Init: Watch present, force Enabled=1
2025-11-14 16:03:10 [Rotation] [INFO] Cfg: Enabled=1 T1W=1 T2W=0 OpW=0 TrackCount=1
2025-11-14 16:03:10 [Rotation] [INFO] Enter Opener
2025-11-14 16:03:10 [Rotation] [INFO] Init -> Phase=Opener Track=0
2025-11-14 16:03:37 [Rotation] [INFO] AutoEnable at Init: Watch present, force Enabled=1
2025-11-14 16:03:37 [Rotation] [INFO] Cfg: Enabled=1 T1W=1 T2W=0 OpW=0 TrackCount=1
2025-11-14 16:03:37 [Rotation] [INFO] Enter Opener
2025-11-14 16:03:37 [Rotation] [INFO] Init -> Phase=Opener Track=0
2025-11-14 16:08:02 [Rotation] [INFO] AutoEnable at Init: Watch present, force Enabled=1
2025-11-14 16:08:02 [Rotation] [INFO] Cfg: Enabled=1 T1W=1 T2W=0 OpW=0 TrackCount=1
2025-11-14 16:08:03 [Rotation] [INFO] Enter Opener
2025-11-14 16:08:03 [Rotation] [INFO] Init -> Phase=Opener Track=0
2025-11-14 16:09:12 [Rotation] [INFO] AutoEnable at Init: Watch present, force Enabled=1
2025-11-14 16:09:12 [Rotation] [INFO] Cfg: Enabled=1 T1W=1 T2W=0 OpW=0 TrackCount=1
2025-11-14 16:09:12 [Rotation] [INFO] Enter Opener
2025-11-14 16:09:12 [Rotation] [INFO] Init -> Phase=Opener Track=0
2025-11-14 16:14:23 [Rotation] [INFO] AutoEnable at Init: Watch present, force Enabled=1
2025-11-14 16:14:23 [Rotation] [INFO] Cfg: Enabled=1 T1W=1 T2W=0 OpW=0 TrackCount=1
2025-11-14 16:14:23 [Rotation] [INFO] Enter Opener
2025-11-14 16:14:23 [Rotation] [INFO] Init -> Phase=Opener Track=0
2025-11-14 16:15:27 [Rotation] [INFO] AutoEnable at Init: Watch present, force Enabled=1
2025-11-14 16:15:27 [Rotation] [INFO] Cfg: Enabled=1 T1W=1 T2W=0 OpW=0 TrackCount=1
2025-11-14 16:15:27 [Rotation] [INFO] Enter Opener
2025-11-14 16:15:27 [Rotation] [INFO] Init -> Phase=Opener Track=0
2025-11-14 16:19:16 [Rotation] [INFO] AutoEnable at Init: Watch present, force Enabled=1
2025-11-14 16:19:16 [Rotation] [INFO] Cfg: Enabled=1 T1W=1 T2W=0 OpW=0 TrackCount=1
2025-11-14 16:19:16 [Rotation] [INFO] Enter Opener
2025-11-14 16:19:16 [Rotation] [INFO] Init -> Phase=Opener Track=0
2025-11-14 16:25:36 [Rotation] [INFO] AutoEnable at Init: Watch present, force Enabled=1
2025-11-14 16:25:36 [Rotation] [INFO] Cfg: Enabled=1 T1W=1 T2W=0 OpW=0 TrackCount=1
2025-11-14 16:25:37 [Rotation] [INFO] Enter Opener
2025-11-14 16:25:37 [Rotation] [INFO] Init -> Phase=Opener Track=0
2025-11-14 16:26:33 [Rotation] [INFO] AutoEnable at Init: Watch present, force Enabled=1
2025-11-14 16:26:33 [Rotation] [INFO] Cfg: Enabled=1 T1W=1 T2W=0 OpW=0 TrackCount=1
2025-11-14 16:26:33 [Rotation] [INFO] Enter Opener
2025-11-14 16:26:33 [Rotation] [INFO] Init -> Phase=Opener Track=0
2025-11-14 16:28:19 [Rotation] [INFO] AutoEnable at Init: Watch present, force Enabled=1
2025-11-14 16:28:19 [Rotation] [INFO] Cfg: Enabled=1 T1W=1 T2W=0 OpW=0 TrackCount=1
2025-11-14 16:28:19 [Rotation] [INFO] Enter Opener
2025-11-14 16:28:19 [Rotation] [INFO] Init -> Phase=Opener Track=0
2025-11-14 16:32:22 [Rotation] [INFO] AutoEnable at Init: Watch present, force Enabled=1
2025-11-14 16:32:22 [Rotation] [INFO] Cfg: Enabled=1 T1W=1 T2W=0 OpW=0 TrackCount=1
2025-11-14 16:32:22 [Rotation] [INFO] Enter Opener
2025-11-14 16:32:22 [Rotation] [INFO] Init -> Phase=Opener Track=0
2025-11-14 16:32:39 [Rotation] [INFO] AutoEnable at Init: Watch present, force Enabled=1
2025-11-14 16:32:39 [Rotation] [INFO] Cfg: Enabled=1 T1W=1 T2W=0 OpW=0 TrackCount=1
2025-11-14 16:32:39 [Rotation] [INFO] Enter Opener
2025-11-14 16:32:39 [Rotation] [INFO] Init -> Phase=Opener Track=0
2025-11-14 16:32:58 [Rotation] [INFO] AutoEnable at Init: Watch present, force Enabled=1
2025-11-14 16:32:58 [Rotation] [INFO] Cfg: Enabled=1 T1W=1 T2W=0 OpW=0 TrackCount=1
2025-11-14 16:32:58 [Rotation] [INFO] Enter Opener
2025-11-14 16:32:58 [Rotation] [INFO] Init -> Phase=Opener Track=0
2025-11-14 16:33:41 [Rotation] [INFO] AutoEnable at Init: Watch present, force Enabled=1
2025-11-14 16:33:41 [Rotation] [INFO] Cfg: Enabled=1 T1W=1 T2W=0 OpW=0 TrackCount=1
2025-11-14 16:33:41 [Rotation] [INFO] Enter Opener
2025-11-14 16:33:41 [Rotation] [INFO] Init -> Phase=Opener Track=0
2025-11-14 16:34:06 [Rotation] [INFO] AutoEnable at Init: Watch present, force Enabled=1
2025-11-14 16:34:06 [Rotation] [INFO] Cfg: Enabled=1 T1W=1 T2W=0 OpW=0 TrackCount=1
2025-11-14 16:34:06 [Rotation] [INFO] Enter Opener
2025-11-14 16:34:06 [Rotation] [INFO] Init -> Phase=Opener Track=0
2025-11-14 16:34:47 [Rotation] [INFO] AutoEnable at Init: Watch present, force Enabled=1
2025-11-14 16:34:47 [Rotation] [INFO] Cfg: Enabled=1 T1W=1 T2W=0 OpW=0 TrackCount=1
2025-11-14 16:34:47 [Rotation] [INFO] Enter Opener
2025-11-14 16:34:47 [Rotation] [INFO] Init -> Phase=Opener Track=0
2025-11-14 16:35:08 [Rotation] [INFO] AutoEnable at Init: Watch present, force Enabled=1
2025-11-14 16:35:08 [Rotation] [INFO] Cfg: Enabled=1 T1W=1 T2W=0 OpW=0 TrackCount=1
2025-11-14 16:35:08 [Rotation] [INFO] Enter Opener
2025-11-14 16:35:08 [Rotation] [INFO] Init -> Phase=Opener Track=0
2025-11-14 16:35:44 [Rotation] [INFO] AutoEnable at Init: Watch present, force Enabled=1
2025-11-14 16:35:44 [Rotation] [INFO] Cfg: Enabled=1 T1W=1 T2W=0 OpW=0 TrackCount=1
2025-11-14 16:35:44 [Rotation] [INFO] Enter Opener
2025-11-14 16:35:44 [Rotation] [INFO] Init -> Phase=Opener Track=0
2025-11-14 16:35:59 [Rotation] [INFO] AutoEnable at Init: Watch present, force Enabled=1
2025-11-14 16:35:59 [Rotation] [INFO] Cfg: Enabled=1 T1W=1 T2W=0 OpW=0 TrackCount=1
2025-11-14 16:35:59 [Rotation] [INFO] Enter Opener
2025-11-14 16:35:59 [Rotation] [INFO] Init -> Phase=Opener Track=0
2025-11-14 16:39:54 [Rotation] [INFO] AutoEnable at Init: Watch present, force Enabled=1
2025-11-14 16:39:54 [Rotation] [INFO] Cfg: Enabled=1 T1W=1 T2W=0 OpW=0 TrackCount=1
2025-11-14 16:39:54 [Rotation] [INFO] Enter Opener
2025-11-14 16:39:54 [Rotation] [INFO] Init -> Phase=Opener Track=0
2025-11-14 16:40:19 [Rotation] [INFO] AutoEnable at Init: Watch present, force Enabled=1
2025-11-14 16:40:19 [Rotation] [INFO] Cfg: Enabled=1 T1W=1 T2W=0 OpW=0 TrackCount=1
2025-11-14 16:40:19 [Rotation] [INFO] Enter Opener
2025-11-14 16:40:19 [Rotation] [INFO] Init -> Phase=Opener Track=0
2025-11-14 16:44:29 [Rotation] [INFO] AutoEnable at Init: Watch present, force Enabled=1
2025-11-14 16:44:29 [Rotation] [INFO] Cfg: Enabled=1 T1W=1 T2W=0 OpW=0 TrackCount=1
2025-11-14 16:44:29 [Rotation] [INFO] Enter Opener
2025-11-14 16:44:30 [Rotation] [INFO] Init -> Phase=Opener Track=0
2025-11-14 16:46:39 [Rotation] [INFO] AutoEnable at Init: Watch present, force Enabled=1
2025-11-14 16:46:39 [Rotation] [INFO] Cfg: Enabled=1 T1W=1 T2W=0 OpW=0 TrackCount=1
2025-11-14 16:46:40 [Rotation] [INFO] Enter Opener
2025-11-14 16:46:40 [Rotation] [INFO] Init -> Phase=Opener Track=0
2025-11-17 09:18:09 [Rotation] [INFO] AutoEnable at Init: Watch present, force Enabled=1
2025-11-17 09:18:09 [Rotation] [INFO] Cfg: Enabled=1 T1W=1 T2W=0 OpW=0 TrackCount=1
2025-11-17 09:18:09 [Rotation] [INFO] Enter Opener
2025-11-17 09:18:09 [Rotation] [INFO] Init -> Phase=Opener Track=0
2025-11-17 09:18:44 [Rotation] [INFO] AutoEnable at Init: Watch present, force Enabled=1
2025-11-17 09:18:44 [Rotation] [INFO] Cfg: Enabled=1 T1W=1 T2W=0 OpW=0 TrackCount=1
2025-11-17 09:18:44 [Rotation] [INFO] Enter Opener
2025-11-17 09:18:44 [Rotation] [INFO] Init -> Phase=Opener Track=0
2025-11-17 09:19:01 [Rotation] [INFO] AutoEnable at Init: Watch present, force Enabled=1
2025-11-17 09:19:01 [Rotation] [INFO] Cfg: Enabled=1 T1W=1 T2W=0 OpW=0 TrackCount=1
2025-11-17 09:19:01 [Rotation] [INFO] Enter Opener
2025-11-17 09:19:01 [Rotation] [INFO] Init -> Phase=Opener Track=0
2025-11-17 09:19:06 [Rotation] [INFO] Skip init (already initialized)
2025-11-17 09:19:07 [Rotation] [INFO] Enter Track#1
2025-11-17 09:19:07 [Rotation] [INFO] Opener(Steps) timeout -> Track#1
2025-11-17 09:19:07 [Rotation] [INFO] Track#1 filter=AllowSkills count=1
2025-11-17 09:19:08 [Rotation] [INFO] Track#1 filter=AllowSkills count=1
2025-11-17 09:19:08 [Rotation] [INFO] Track#1 filter=AllowSkills count=1
2025-11-17 09:19:08 [Rotation] [INFO] Track#1 filter=AllowSkills count=1
2025-11-17 09:19:08 [Rotation] [INFO] Track#1 filter=AllowSkills count=1
2025-11-17 09:19:08 [Rotation] [INFO] Track#1 filter=AllowSkills count=1
2025-11-17 09:19:08 [Rotation] [INFO] Track#1 filter=AllowSkills count=1
2025-11-17 09:19:08 [Rotation] [INFO] Track#1 filter=AllowSkills count=1
2025-11-17 09:19:08 [Rotation] [INFO] Track#1 filter=AllowSkills count=1
2025-11-17 09:19:08 [Rotation] [INFO] Track#1 filter=AllowSkills count=1
2025-11-17 09:19:08 [Rotation] [INFO] Track#1 filter=AllowSkills count=1
2025-11-17 09:19:08 [Rotation] [INFO] Track#1 filter=AllowSkills count=1
2025-11-17 09:19:08 [Rotation] [INFO] Track#1 filter=AllowSkills count=1
2025-11-17 09:19:08 [Rotation] [INFO] Track#1 filter=AllowSkills count=1
2025-11-17 09:19:08 [Rotation] [INFO] Track#1 filter=AllowSkills count=1
2025-11-17 09:19:08 [Rotation] [INFO] Track#1 filter=AllowSkills count=1
2025-11-17 09:19:08 [Rotation] [INFO] Track#1 filter=AllowSkills count=1
2025-11-17 09:19:09 [Rotation] [INFO] Track#1 filter=AllowSkills count=1
2025-11-17 09:19:09 [Rotation] [INFO] Track#1 filter=AllowSkills count=1
2025-11-17 09:19:09 [Rotation] [INFO] Track#1 filter=AllowSkills count=1
2025-11-17 09:19:09 [Rotation] [INFO] Track#1 filter=AllowSkills count=1
2025-11-17 09:19:09 [Rotation] [INFO] Track#1 filter=AllowSkills count=1
2025-11-17 09:19:09 [Rotation] [INFO] Track#1 filter=AllowSkills count=1
2025-11-17 09:19:09 [Rotation] [INFO] Track#1 filter=AllowSkills count=1
2025-11-17 09:19:09 [Rotation] [INFO] Track#1 filter=AllowSkills count=1
2025-11-17 09:19:09 [Rotation] [INFO] Track#1 filter=AllowSkills count=1
2025-11-17 09:19:10 [Rotation] [INFO] Track#1 filter=AllowSkills count=1
2025-11-17 09:19:10 [Rotation] [INFO] Track#1 filter=AllowSkills count=1
2025-11-17 09:19:10 [Rotation] [INFO] Track#1 filter=AllowSkills count=1
2025-11-17 09:19:10 [Rotation] [INFO] Track#1 filter=AllowSkills count=1
2025-11-17 09:19:10 [Rotation] [INFO] Track#1 filter=AllowSkills count=1
2025-11-17 09:19:10 [Rotation] [INFO] Track#1 filter=AllowSkills count=1
2025-11-17 09:19:10 [Rotation] [INFO] Track#1 filter=AllowSkills count=1
2025-11-17 09:19:11 [Rotation] [INFO] Track#1 filter=AllowSkills count=1
2025-11-17 09:19:11 [Rotation] [INFO] Track#1 filter=AllowSkills count=1
2025-11-17 09:19:11 [Rotation] [INFO] Track#1 filter=AllowSkills count=1
2025-11-17 09:19:11 [Rotation] [INFO] Track#1 filter=AllowSkills count=1
2025-11-17 09:19:11 [Rotation] [INFO] Track#1 filter=AllowSkills count=1
2025-11-17 09:19:11 [Rotation] [INFO] Track#1 filter=AllowSkills count=1
2025-11-17 09:19:11 [Rotation] [INFO] Track#1 filter=AllowSkills count=1
2025-11-17 09:19:11 [Rotation] [INFO] Track#1 filter=AllowSkills count=1
2025-11-17 09:19:11 [Rotation] [INFO] Track#1 filter=AllowSkills count=1
2025-11-17 09:19:11 [Rotation] [INFO] Track#1 filter=AllowSkills count=1
2025-11-17 09:19:11 [Rotation] [INFO] Track#1 filter=AllowSkills count=1
2025-11-17 09:19:11 [Rotation] [INFO] Track#1 filter=AllowSkills count=1
2025-11-17 09:19:12 [Rotation] [INFO] Track#1 filter=AllowSkills count=1
2025-11-17 09:19:12 [Rotation] [INFO] Track#1 filter=AllowSkills count=1
2025-11-17 09:19:12 [Rotation] [INFO] Track#1 filter=AllowSkills count=1
2025-11-17 09:19:12 [Rotation] [INFO] Track#1 filter=AllowSkills count=1
2025-11-17 09:19:12 [Rotation] [INFO] Track#1 filter=AllowSkills count=1
2025-11-17 09:19:12 [Rotation] [INFO] Track#1 filter=AllowSkills count=1
2025-11-17 09:19:12 [Rotation] [INFO] Track#1 filter=AllowSkills count=1
2025-11-17 09:19:12 [Rotation] [INFO] Track#1 filter=AllowSkills count=1
2025-11-17 09:19:12 [Rotation] [INFO] Track#1 filter=AllowSkills count=1
2025-11-17 09:19:12 [Rotation] [INFO] Track#1 filter=AllowSkills count=1
2025-11-17 09:19:12 [Rotation] [INFO] Track#1 filter=AllowSkills count=1
2025-11-17 09:19:12 [Rotation] [INFO] Track#1 filter=AllowSkills count=1
2025-11-17 09:19:12 [Rotation] [INFO] Track#1 filter=AllowSkills count=1
2025-11-17 09:19:13 [Rotation] [INFO] Track#1 filter=AllowSkills count=1
2025-11-17 09:19:13 [Rotation] [INFO] Track#1 filter=AllowSkills count=1
2025-11-17 09:19:13 [Rotation] [INFO] Track#1 filter=AllowSkills count=1
2025-11-17 09:19:13 [Rotation] [INFO] Track#1 filter=AllowSkills count=1
2025-11-17 09:19:13 [Rotation] [INFO] Track#1 filter=AllowSkills count=1
2025-11-17 09:53:47 [Rotation] [INFO] AutoEnable at Init: Watch present, force Enabled=1
2025-11-17 09:53:47 [Rotation] [INFO] Cfg: Enabled=1 T1W=1 T2W=0 OpW=0 TrackCount=1
2025-11-17 09:53:47 [Rotation] [INFO] Enter Opener
2025-11-17 09:53:47 [Rotation] [INFO] Init -> Phase=Opener Track=0
2025-11-17 10:53:27 [Rotation] [INFO] AutoEnable at Init: Watch present, force Enabled=1
2025-11-17 10:53:27 [Rotation] [INFO] Cfg: Enabled=1 T1W=1 T2W=0 OpW=0 TrackCount=1
2025-11-17 10:53:27 [Rotation] [INFO] Enter Opener
2025-11-17 10:53:27 [Rotation] [INFO] Init -> Phase=Opener Track=0
2025-11-17 10:55:05 [Rotation] [INFO] AutoEnable at Init: Watch present, force Enabled=1
2025-11-17 10:55:05 [Rotation] [INFO] Cfg: Enabled=1 T1W=1 T2W=0 OpW=0 TrackCount=1
2025-11-17 10:55:05 [Rotation] [INFO] Enter Opener
2025-11-17 10:55:05 [Rotation] [INFO] Init -> Phase=Opener Track=0
2025-11-17 11:11:01 [Rotation] [INFO] AutoEnable at Init: Watch present, force Enabled=1
2025-11-17 11:11:01 [Rotation] [INFO] Cfg: Enabled=1 T1W=1 T2W=0 OpW=0 TrackCount=1
2025-11-17 11:11:01 [Rotation] [INFO] Enter Opener
2025-11-17 11:11:01 [Rotation] [INFO] Init -> Phase=Opener Track=0
2025-11-17 11:11:10 [Rotation] [INFO] Skip init (already initialized)
2025-11-17 11:11:11 [Rotation] [INFO] Enter Track#1
2025-11-17 11:11:11 [Rotation] [INFO] Opener(Steps) timeout -> Track#1
2025-11-17 11:11:11 [Rotation] [INFO] Track#1 filter=AllowSkills count=1
2025-11-17 11:36:47 [Rotation] [INFO] AutoEnable at Init: Watch present, force Enabled=1
2025-11-17 11:36:47 [Rotation] [INFO] Cfg: Enabled=1 T1W=0 T2W=0 OpW=0 TrackCount=1
2025-11-17 11:36:47 [Rotation] [INFO] Enter Opener
2025-11-17 11:36:47 [Rotation] [INFO] Init -> Phase=Opener Track=0
2025-11-17 13:47:10 [Rotation] [INFO] AutoEnable at Init: Watch present, force Enabled=1
2025-11-17 13:47:10 [Rotation] [INFO] Cfg: Enabled=1 T1W=0 T2W=0 OpW=0 TrackCount=2
2025-11-17 13:47:10 [Rotation] [INFO] Enter Opener
2025-11-17 13:47:10 [Rotation] [INFO] Init -> Phase=Opener Track=0
2025-11-17 13:47:35 [Rotation] [INFO] AutoEnable at Init: Watch present, force Enabled=1
2025-11-17 13:47:35 [Rotation] [INFO] Cfg: Enabled=1 T1W=0 T2W=0 OpW=0 TrackCount=2
2025-11-17 13:47:35 [Rotation] [INFO] Enter Opener
2025-11-17 13:47:35 [Rotation] [INFO] Init -> Phase=Opener Track=0
2025-11-17 14:07:42 [Rotation] [INFO] AutoEnable at Init: Watch present, force Enabled=1
2025-11-17 14:07:42 [Rotation] [INFO] Cfg: Enabled=1 T1W=0 T2W=0 OpW=0 TrackCount=2
2025-11-17 14:07:42 [Rotation] [INFO] Enter Opener
2025-11-17 14:07:42 [Rotation] [INFO] Init -> Phase=Opener Track=0
2025-11-17 14:24:14 [Rotation] [INFO] AutoEnable at Init: Watch present, force Enabled=1
2025-11-17 14:24:14 [Rotation] [INFO] Cfg: Enabled=1 T1W=0 T2W=0 OpW=0 TrackCount=2
2025-11-17 14:24:14 [Rotation] [INFO] Enter Opener
2025-11-17 14:24:14 [Rotation] [INFO] Init -> Phase=Opener Track=0
2025-11-17 16:50:57 [Rotation] [INFO] AutoEnable at Init: Watch present, force Enabled=1
2025-11-17 16:50:57 [Rotation] [INFO] Cfg: Enabled=1 T1W=0 T2W=0 OpW=0 TrackCount=2
2025-11-17 16:50:57 [Rotation] [INFO] Enter Opener
2025-11-17 16:50:57 [Rotation] [INFO] Init -> Phase=Opener Track=0
2025-11-18 10:02:22 [Rotation] [INFO] AutoEnable at Init: Watch present, force Enabled=1
2025-11-18 10:02:22 [Rotation] [INFO] Cfg: Enabled=1 T1W=0 T2W=0 OpW=0 TrackCount=2
2025-11-18 10:02:22 [Rotation] [INFO] Enter Opener
2025-11-18 10:02:22 [Rotation] [INFO] Init -> Phase=Opener Track=0
2025-11-18 10:02:32 [Rotation] [INFO] Skip init (already initialized)
2025-11-18 10:02:33 [Rotation] [INFO] Enter Track#1
2025-11-18 10:02:33 [Rotation] [INFO] Opener(Steps) timeout -> Track#1
